2025-02-02 00:03:25,286 - INFO - 🚀 자동매매 프로그램 시작!
2025-02-02 00:03:25,286 - INFO - 자동매매 실행 시작
2025-02-02 00:03:25,353 - INFO - 상위 100개 티커 조회: ['KRW-BTC', 'KRW-ETH', 'KRW-NEO', 'KRW-MTL', 'KRW-XRP', 'KRW-ETC', 'KRW-SNT', 'KRW-WAVES', 'KRW-XEM', 'KRW-QTUM', 'KRW-LSK', 'KRW-STEEM', 'KRW-XLM', 'KRW-ARDR', 'KRW-ARK', 'KRW-STORJ', 'KRW-GRS', 'KRW-ADA', 'KRW-SBD', 'KRW-POWR', 'KRW-ICX', 'KRW-EOS', 'KRW-TRX', 'KRW-SC', 'KRW-ONT', 'KRW-ZIL', 'KRW-POLYX', 'KRW-ZRX', 'KRW-LOOM', 'KRW-BCH', 'KRW-BAT', 'KRW-IOST', 'KRW-CVC', 'KRW-IQ', 'KRW-IOTA', 'KRW-HIFI', 'KRW-ONG', 'KRW-GAS', 'KRW-BOUNTY', 'KRW-ELF', 'KRW-KNC', 'KRW-BSV', 'KRW-THETA', 'KRW-QKC', 'KRW-BTT', 'KRW-MOC', 'KRW-TFUEL', 'KRW-MANA', 'KRW-ANKR', 'KRW-AERGO', 'KRW-ATOM', 'KRW-TT', 'KRW-GAME2', 'KRW-MBL', 'KRW-WAXP', 'KRW-HBAR', 'KRW-MED', 'KRW-MLK', 'KRW-STPT', 'KRW-ORBS', 'KRW-VET', 'KRW-CHZ', 'KRW-STMX', 'KRW-DKA', 'KRW-HIVE', 'KRW-KAVA', 'KRW-AHT', 'KRW-LINK', 'KRW-XTZ', 'KRW-BORA', 'KRW-JST', 'KRW-CRO', 'KRW-TOKAMAK', 'KRW-SXP', 'KRW-HUNT', 'KRW-DOT', 'KRW-MVL', 'KRW-STRAX', 'KRW-AQT', 'KRW-GLM', 'KRW-META', 'KRW-FCT2', 'KRW-CBK', 'KRW-SAND', 'KRW-HPO', 'KRW-DOGE', 'KRW-STRIKE', 'KRW-PUNDIX', 'KRW-FLOW', 'KRW-AXS', 'KRW-STX', 'KRW-XEC', 'KRW-SOL', 'KRW-POL', 'KRW-AAVE', 'KRW-1INCH', 'KRW-ALGO', 'KRW-NEAR', 'KRW-AVAX', 'KRW-T']
2025-02-02 00:03:25,353 - INFO - 변동성 높은 종목 필터링 시작
2025-02-02 00:03:25,639 - INFO - KRW-NEO: 변동성 기준 통과 (ATR: 540.7142857142857, 현재가: 22180.0)
2025-02-02 00:03:26,257 - INFO - KRW-XEM: 변동성 기준 통과 (ATR: 0.7714285714285722, 현재가: 36.2)
2025-02-02 00:03:26,357 - INFO - KRW-QTUM: 변동성 기준 통과 (ATR: 316.64285714285717, 현재가: 6193.0)
2025-02-02 00:03:26,395 - WARNING - KRW-LSK: ATR 계산을 위한 데이터 부족
2025-02-02 00:03:27,973 - INFO - KRW-ONT: 변동성 기준 통과 (ATR: 17.43571428571428, 현재가: 372.8)
2025-02-02 00:03:29,236 - INFO - KRW-ONG: 변동성 기준 통과 (ATR: 11.021428571428576, 현재가: 468.9)
2025-02-02 00:03:29,352 - INFO - KRW-GAS: 변동성 기준 통과 (ATR: 151.64285714285714, 현재가: 7317.0)
2025-02-02 00:03:29,837 - INFO - KRW-THETA: 변동성 기준 통과 (ATR: 61.142857142857146, 현재가: 2959.0)
2025-02-02 00:05:39,517 - INFO - 🚀 자동매매 프로그램 시작!
2025-02-02 00:05:39,517 - INFO - 자동매매 실행 시작
2025-02-02 00:05:39,584 - INFO - 상위 100개 티커 조회: ['KRW-BTC', 'KRW-ETH', 'KRW-NEO', 'KRW-MTL', 'KRW-XRP', 'KRW-ETC', 'KRW-SNT', 'KRW-WAVES', 'KRW-XEM', 'KRW-QTUM', 'KRW-LSK', 'KRW-STEEM', 'KRW-XLM', 'KRW-ARDR', 'KRW-ARK', 'KRW-STORJ', 'KRW-GRS', 'KRW-ADA', 'KRW-SBD', 'KRW-POWR', 'KRW-ICX', 'KRW-EOS', 'KRW-TRX', 'KRW-SC', 'KRW-ONT', 'KRW-ZIL', 'KRW-POLYX', 'KRW-ZRX', 'KRW-LOOM', 'KRW-BCH', 'KRW-BAT', 'KRW-IOST', 'KRW-CVC', 'KRW-IQ', 'KRW-IOTA', 'KRW-HIFI', 'KRW-ONG', 'KRW-GAS', 'KRW-BOUNTY', 'KRW-ELF', 'KRW-KNC', 'KRW-BSV', 'KRW-THETA', 'KRW-QKC', 'KRW-BTT', 'KRW-MOC', 'KRW-TFUEL', 'KRW-MANA', 'KRW-ANKR', 'KRW-AERGO', 'KRW-ATOM', 'KRW-TT', 'KRW-GAME2', 'KRW-MBL', 'KRW-WAXP', 'KRW-HBAR', 'KRW-MED', 'KRW-MLK', 'KRW-STPT', 'KRW-ORBS', 'KRW-VET', 'KRW-CHZ', 'KRW-STMX', 'KRW-DKA', 'KRW-HIVE', 'KRW-KAVA', 'KRW-AHT', 'KRW-LINK', 'KRW-XTZ', 'KRW-BORA', 'KRW-JST', 'KRW-CRO', 'KRW-TOKAMAK', 'KRW-SXP', 'KRW-HUNT', 'KRW-DOT', 'KRW-MVL', 'KRW-STRAX', 'KRW-AQT', 'KRW-GLM', 'KRW-META', 'KRW-FCT2', 'KRW-CBK', 'KRW-SAND', 'KRW-HPO', 'KRW-DOGE', 'KRW-STRIKE', 'KRW-PUNDIX', 'KRW-FLOW', 'KRW-AXS', 'KRW-STX', 'KRW-XEC', 'KRW-SOL', 'KRW-POL', 'KRW-AAVE', 'KRW-1INCH', 'KRW-ALGO', 'KRW-NEAR', 'KRW-AVAX', 'KRW-T']
2025-02-02 00:05:39,584 - INFO - 변동성 높은 종목 필터링 시작
2025-02-02 00:05:39,908 - INFO - KRW-NEO: 변동성 기준 통과 (ATR: 543.5714285714286, 현재가: 22150.0)
2025-02-02 00:05:40,565 - INFO - KRW-XEM: 변동성 기준 통과 (ATR: 0.7714285714285722, 현재가: 36.43)
2025-02-02 00:05:40,684 - INFO - KRW-QTUM: 변동성 기준 통과 (ATR: 318.5, 현재가: 6140.0)
2025-02-02 00:05:42,394 - INFO - KRW-ONT: 변동성 기준 통과 (ATR: 17.52857142857142, 현재가: 371.3)
2025-02-02 00:05:43,790 - INFO - KRW-ONG: 변동성 기준 통과 (ATR: 11.107142857142861, 현재가: 468.5)
2025-02-02 00:05:43,906 - INFO - KRW-GAS: 변동성 기준 통과 (ATR: 151.64285714285714, 현재가: 7320.0)
2025-02-02 00:05:44,487 - INFO - KRW-THETA: 변동성 기준 통과 (ATR: 61.714285714285715, 현재가: 2958.0)
2025-02-02 00:05:45,166 - INFO - KRW-ANKR: 변동성 기준 통과 (ATR: 0.9735714285714282, 현재가: 43.19)
2025-02-02 00:05:47,129 - INFO - KRW-KAVA: 변동성 기준 통과 (ATR: 23.10714285714285, 현재가: 717.2)
2025-02-02 00:05:51,122 - INFO - 필터링 결과 - 변동성 높은 티커: ['KRW-NEO', 'KRW-XEM', 'KRW-QTUM', 'KRW-ONT', 'KRW-ONG', 'KRW-GAS', 'KRW-THETA', 'KRW-ANKR', 'KRW-KAVA']
2025-02-02 00:05:51,122 - INFO - 포트폴리오 신규 진입 검토 시작
2025-02-02 00:05:51,188 - INFO - KRW-NEO: 총 19개의 이벤트 감지
2025-02-02 00:05:51,241 - INFO - KRW-NEO: 특별한 신호 없음, HOLD
2025-02-02 00:05:51,299 - INFO - KRW-XEM: 총 11개의 이벤트 감지
2025-02-02 00:05:51,351 - INFO - KRW-XEM: 특별한 신호 없음, HOLD
2025-02-02 00:05:51,428 - INFO - KRW-QTUM: 총 23개의 이벤트 감지
2025-02-02 00:05:51,481 - INFO - KRW-QTUM: 특별한 신호 없음, HOLD
2025-02-02 00:05:51,539 - INFO - KRW-ONT: 총 19개의 이벤트 감지
2025-02-02 00:05:51,587 - INFO - KRW-ONT: 특별한 신호 없음, HOLD
2025-02-02 00:05:51,644 - INFO - KRW-ONG: 총 10개의 이벤트 감지
2025-02-02 00:05:51,692 - INFO - KRW-ONG: 특별한 신호 없음, HOLD
2025-02-02 00:05:51,758 - INFO - KRW-GAS: 총 10개의 이벤트 감지
2025-02-02 00:05:51,807 - INFO - KRW-GAS: 특별한 신호 없음, HOLD
2025-02-02 00:05:51,867 - INFO - KRW-THETA: 총 22개의 이벤트 감지
2025-02-02 00:05:51,915 - INFO - KRW-THETA: 지지선 붕괴 (현재가: 2956.0 < 지지: 2957.0) → SELL 신호
2025-02-02 00:05:51,990 - INFO - KRW-ANKR: 총 17개의 이벤트 감지
2025-02-02 00:05:52,045 - INFO - KRW-ANKR: 특별한 신호 없음, HOLD
2025-02-02 00:05:52,111 - INFO - KRW-KAVA: 총 22개의 이벤트 감지
2025-02-02 00:05:52,162 - INFO - KRW-KAVA: 특별한 신호 없음, HOLD
2025-02-02 00:05:52,162 - INFO - 현재 포트폴리오 상태: {}
2025-02-02 00:06:52,236 - INFO - 상위 100개 티커 조회: ['KRW-BTC', 'KRW-ETH', 'KRW-NEO', 'KRW-MTL', 'KRW-XRP', 'KRW-ETC', 'KRW-SNT', 'KRW-WAVES', 'KRW-XEM', 'KRW-QTUM', 'KRW-LSK', 'KRW-STEEM', 'KRW-XLM', 'KRW-ARDR', 'KRW-ARK', 'KRW-STORJ', 'KRW-GRS', 'KRW-ADA', 'KRW-SBD', 'KRW-POWR', 'KRW-ICX', 'KRW-EOS', 'KRW-TRX', 'KRW-SC', 'KRW-ONT', 'KRW-ZIL', 'KRW-POLYX', 'KRW-ZRX', 'KRW-LOOM', 'KRW-BCH', 'KRW-BAT', 'KRW-IOST', 'KRW-CVC', 'KRW-IQ', 'KRW-IOTA', 'KRW-HIFI', 'KRW-ONG', 'KRW-GAS', 'KRW-BOUNTY', 'KRW-ELF', 'KRW-KNC', 'KRW-BSV', 'KRW-THETA', 'KRW-QKC', 'KRW-BTT', 'KRW-MOC', 'KRW-TFUEL', 'KRW-MANA', 'KRW-ANKR', 'KRW-AERGO', 'KRW-ATOM', 'KRW-TT', 'KRW-GAME2', 'KRW-MBL', 'KRW-WAXP', 'KRW-HBAR', 'KRW-MED', 'KRW-MLK', 'KRW-STPT', 'KRW-ORBS', 'KRW-VET', 'KRW-CHZ', 'KRW-STMX', 'KRW-DKA', 'KRW-HIVE', 'KRW-KAVA', 'KRW-AHT', 'KRW-LINK', 'KRW-XTZ', 'KRW-BORA', 'KRW-JST', 'KRW-CRO', 'KRW-TOKAMAK', 'KRW-SXP', 'KRW-HUNT', 'KRW-DOT', 'KRW-MVL', 'KRW-STRAX', 'KRW-AQT', 'KRW-GLM', 'KRW-META', 'KRW-FCT2', 'KRW-CBK', 'KRW-SAND', 'KRW-HPO', 'KRW-DOGE', 'KRW-STRIKE', 'KRW-PUNDIX', 'KRW-FLOW', 'KRW-AXS', 'KRW-STX', 'KRW-XEC', 'KRW-SOL', 'KRW-POL', 'KRW-AAVE', 'KRW-1INCH', 'KRW-ALGO', 'KRW-NEAR', 'KRW-AVAX', 'KRW-T']
2025-02-02 00:06:52,236 - INFO - 변동성 높은 종목 필터링 시작
2025-02-02 00:06:52,590 - INFO - KRW-NEO: 변동성 기준 통과 (ATR: 543.5714285714286, 현재가: 22150.0)
2025-02-02 00:06:53,295 - INFO - KRW-XEM: 변동성 기준 통과 (ATR: 0.7714285714285722, 현재가: 36.41)
2025-02-02 00:06:53,396 - INFO - KRW-QTUM: 변동성 기준 통과 (ATR: 320.57142857142856, 현재가: 6145.0)
2025-02-02 00:06:55,125 - INFO - KRW-ONT: 변동성 기준 통과 (ATR: 17.621428571428567, 현재가: 370.7)
2025-02-02 00:06:56,494 - INFO - KRW-ONG: 변동성 기준 통과 (ATR: 11.28571428571429, 현재가: 467.0)
2025-02-02 00:06:56,607 - INFO - KRW-GAS: 변동성 기준 통과 (ATR: 151.78571428571428, 현재가: 7333.0)
2025-02-02 00:06:57,194 - INFO - KRW-THETA: 변동성 기준 통과 (ATR: 61.714285714285715, 현재가: 2957.0)
2025-02-02 00:06:57,886 - INFO - KRW-ANKR: 변동성 기준 통과 (ATR: 0.9735714285714282, 현재가: 43.03)
2025-02-02 00:06:59,786 - INFO - KRW-KAVA: 변동성 기준 통과 (ATR: 23.10714285714285, 현재가: 717.9)
2025-02-02 00:07:03,715 - INFO - 필터링 결과 - 변동성 높은 티커: ['KRW-NEO', 'KRW-XEM', 'KRW-QTUM', 'KRW-ONT', 'KRW-ONG', 'KRW-GAS', 'KRW-THETA', 'KRW-ANKR', 'KRW-KAVA']
2025-02-02 00:07:03,715 - INFO - 포트폴리오 신규 진입 검토 시작
2025-02-02 00:07:03,780 - INFO - KRW-NEO: 총 19개의 이벤트 감지
2025-02-02 00:07:03,831 - INFO - KRW-NEO: 특별한 신호 없음, HOLD
2025-02-02 00:07:03,896 - INFO - KRW-XEM: 총 10개의 이벤트 감지
2025-02-02 00:07:03,950 - INFO - KRW-XEM: 특별한 신호 없음, HOLD
2025-02-02 00:07:04,018 - INFO - KRW-QTUM: 총 22개의 이벤트 감지
2025-02-02 00:07:04,074 - INFO - KRW-QTUM: 특별한 신호 없음, HOLD
2025-02-02 00:07:04,138 - INFO - KRW-ONT: 총 19개의 이벤트 감지
2025-02-02 00:07:04,190 - INFO - KRW-ONT: 특별한 신호 없음, HOLD
2025-02-02 00:07:04,258 - INFO - KRW-ONG: 총 10개의 이벤트 감지
2025-02-02 00:07:04,307 - INFO - KRW-ONG: 특별한 신호 없음, HOLD
2025-02-02 00:07:04,377 - INFO - KRW-GAS: 총 10개의 이벤트 감지
2025-02-02 00:07:04,431 - INFO - KRW-GAS: 특별한 신호 없음, HOLD
2025-02-02 00:07:04,497 - INFO - KRW-THETA: 총 22개의 이벤트 감지
2025-02-02 00:07:04,550 - INFO - KRW-THETA: 특별한 신호 없음, HOLD
2025-02-02 00:07:04,616 - INFO - KRW-ANKR: 총 17개의 이벤트 감지
2025-02-02 00:07:04,666 - INFO - KRW-ANKR: 특별한 신호 없음, HOLD
2025-02-02 00:07:04,737 - INFO - KRW-KAVA: 총 22개의 이벤트 감지
2025-02-02 00:07:04,791 - INFO - KRW-KAVA: 특별한 신호 없음, HOLD
2025-02-02 00:07:04,791 - INFO - 현재 포트폴리오 상태: {}
2025-02-02 00:07:20,725 - INFO - 프로그램이 종료되었습니다.
