2025-02-02 01:14:37,753 - INFO - 상위 100개 티커 조회: ['KRW-BTC', 'KRW-ETH', 'KRW-NEO', 'KRW-MTL', 'KRW-XRP', 'KRW-ETC', 'KRW-SNT', 'KRW-WAVES', 'KRW-XEM', 'KRW-QTUM', 'KRW-LSK', 'KRW-STEEM', 'KRW-XLM', 'KRW-ARDR', 'KRW-ARK', 'KRW-STORJ', 'KRW-GRS', 'KRW-ADA', 'KRW-SBD', 'KRW-POWR', 'KRW-ICX', 'KRW-EOS', 'KRW-TRX', 'KRW-SC', 'KRW-ONT', 'KRW-ZIL', 'KRW-POLYX', 'KRW-ZRX', 'KRW-LOOM', 'KRW-BCH', 'KRW-BAT', 'KRW-IOST', 'KRW-CVC', 'KRW-IQ', 'KRW-IOTA', 'KRW-HIFI', 'KRW-ONG', 'KRW-GAS', 'KRW-BOUNTY', 'KRW-ELF', 'KRW-KNC', 'KRW-BSV', 'KRW-THETA', 'KRW-QKC', 'KRW-BTT', 'KRW-MOC', 'KRW-TFUEL', 'KRW-MANA', 'KRW-ANKR', 'KRW-AERGO', 'KRW-ATOM', 'KRW-TT', 'KRW-GAME2', 'KRW-MBL', 'KRW-WAXP', 'KRW-HBAR', 'KRW-MED', 'KRW-MLK', 'KRW-STPT', 'KRW-ORBS', 'KRW-VET', 'KRW-CHZ', 'KRW-STMX', 'KRW-DKA', 'KRW-HIVE', 'KRW-KAVA', 'KRW-AHT', 'KRW-LINK', 'KRW-XTZ', 'KRW-BORA', 'KRW-JST', 'KRW-CRO', 'KRW-TOKAMAK', 'KRW-SXP', 'KRW-HUNT', 'KRW-DOT', 'KRW-MVL', 'KRW-STRAX', 'KRW-AQT', 'KRW-GLM', 'KRW-META', 'KRW-FCT2', 'KRW-CBK', 'KRW-SAND', 'KRW-HPO', 'KRW-DOGE', 'KRW-STRIKE', 'KRW-PUNDIX', 'KRW-FLOW', 'KRW-AXS', 'KRW-STX', 'KRW-XEC', 'KRW-SOL', 'KRW-POL', 'KRW-AAVE', 'KRW-1INCH', 'KRW-ALGO', 'KRW-NEAR', 'KRW-AVAX', 'KRW-T']
2025-02-02 01:14:37,755 - INFO - 변동성 높은 종목 필터링 시작
2025-02-02 01:14:38,080 - INFO - KRW-NEO: 변동성 기준 통과 (ATR: 525.0, 현재가: 22170.0)
2025-02-02 01:14:38,735 - INFO - KRW-XEM: 변동성 기준 통과 (ATR: 0.784285714285715, 현재가: 36.48)
2025-02-02 01:14:38,842 - INFO - KRW-QTUM: 변동성 기준 통과 (ATR: 291.64285714285717, 현재가: 6133.0)
2025-02-02 01:14:40,660 - INFO - KRW-ONT: 변동성 기준 통과 (ATR: 17.64285714285714, 현재가: 373.1)
2025-02-02 01:14:42,092 - INFO - KRW-ONG: 변동성 기준 통과 (ATR: 11.550000000000002, 현재가: 466.4)
2025-02-02 01:14:42,207 - INFO - KRW-GAS: 변동성 기준 통과 (ATR: 150.42857142857142, 현재가: 7296.0)
2025-02-02 01:14:43,520 - INFO - KRW-ANKR: 변동성 기준 통과 (ATR: 0.9828571428571422, 현재가: 42.67)
2025-02-02 01:14:45,512 - INFO - KRW-KAVA: 변동성 기준 통과 (ATR: 23.178571428571438, 현재가: 728.5)
2025-02-02 01:14:49,554 - INFO - 필터링 결과 - 변동성 높은 티커: ['KRW-NEO', 'KRW-XEM', 'KRW-QTUM', 'KRW-ONT', 'KRW-ONG', 'KRW-GAS', 'KRW-ANKR', 'KRW-KAVA']
2025-02-02 01:14:49,555 - INFO - 포트폴리오 신규 진입 검토 시작
2025-02-02 01:14:49,623 - INFO - KRW-NEO: 총 19개의 이벤트 감지
2025-02-02 01:14:49,677 - INFO - KRW-NEO: 특별한 신호 없음, HOLD
2025-02-02 01:14:49,745 - INFO - KRW-XEM: 총 10개의 이벤트 감지
2025-02-02 01:14:49,799 - INFO - KRW-XEM: 특별한 신호 없음, HOLD
2025-02-02 01:14:49,864 - INFO - KRW-QTUM: 총 23개의 이벤트 감지
2025-02-02 01:14:49,921 - INFO - KRW-QTUM: 특별한 신호 없음, HOLD
2025-02-02 01:14:49,995 - INFO - KRW-ONT: 총 19개의 이벤트 감지
2025-02-02 01:14:50,048 - INFO - KRW-ONT: 특별한 신호 없음, HOLD
2025-02-02 01:14:50,118 - INFO - KRW-ONG: 총 10개의 이벤트 감지
2025-02-02 01:14:50,177 - INFO - KRW-ONG: 특별한 신호 없음, HOLD
2025-02-02 01:14:50,247 - INFO - KRW-GAS: 총 10개의 이벤트 감지
2025-02-02 01:14:50,295 - INFO - KRW-GAS: 특별한 신호 없음, HOLD
2025-02-02 01:14:50,368 - INFO - KRW-ANKR: 총 17개의 이벤트 감지
2025-02-02 01:14:50,423 - INFO - KRW-ANKR: 특별한 신호 없음, HOLD
2025-02-02 01:14:50,492 - INFO - KRW-KAVA: 총 22개의 이벤트 감지
2025-02-02 01:14:50,547 - INFO - KRW-KAVA: 특별한 신호 없음, HOLD
2025-02-02 01:14:50,548 - INFO - 현재 포트폴리오 상태: {}
2025-02-02 01:15:00,605 - INFO - 상위 100개 티커 조회: ['KRW-BTC', 'KRW-ETH', 'KRW-NEO', 'KRW-MTL', 'KRW-XRP', 'KRW-ETC', 'KRW-SNT', 'KRW-WAVES', 'KRW-XEM', 'KRW-QTUM', 'KRW-LSK', 'KRW-STEEM', 'KRW-XLM', 'KRW-ARDR', 'KRW-ARK', 'KRW-STORJ', 'KRW-GRS', 'KRW-ADA', 'KRW-SBD', 'KRW-POWR', 'KRW-ICX', 'KRW-EOS', 'KRW-TRX', 'KRW-SC', 'KRW-ONT', 'KRW-ZIL', 'KRW-POLYX', 'KRW-ZRX', 'KRW-LOOM', 'KRW-BCH', 'KRW-BAT', 'KRW-IOST', 'KRW-CVC', 'KRW-IQ', 'KRW-IOTA', 'KRW-HIFI', 'KRW-ONG', 'KRW-GAS', 'KRW-BOUNTY', 'KRW-ELF', 'KRW-KNC', 'KRW-BSV', 'KRW-THETA', 'KRW-QKC', 'KRW-BTT', 'KRW-MOC', 'KRW-TFUEL', 'KRW-MANA', 'KRW-ANKR', 'KRW-AERGO', 'KRW-ATOM', 'KRW-TT', 'KRW-GAME2', 'KRW-MBL', 'KRW-WAXP', 'KRW-HBAR', 'KRW-MED', 'KRW-MLK', 'KRW-STPT', 'KRW-ORBS', 'KRW-VET', 'KRW-CHZ', 'KRW-STMX', 'KRW-DKA', 'KRW-HIVE', 'KRW-KAVA', 'KRW-AHT', 'KRW-LINK', 'KRW-XTZ', 'KRW-BORA', 'KRW-JST', 'KRW-CRO', 'KRW-TOKAMAK', 'KRW-SXP', 'KRW-HUNT', 'KRW-DOT', 'KRW-MVL', 'KRW-STRAX', 'KRW-AQT', 'KRW-GLM', 'KRW-META', 'KRW-FCT2', 'KRW-CBK', 'KRW-SAND', 'KRW-HPO', 'KRW-DOGE', 'KRW-STRIKE', 'KRW-PUNDIX', 'KRW-FLOW', 'KRW-AXS', 'KRW-STX', 'KRW-XEC', 'KRW-SOL', 'KRW-POL', 'KRW-AAVE', 'KRW-1INCH', 'KRW-ALGO', 'KRW-NEAR', 'KRW-AVAX', 'KRW-T']
2025-02-02 01:15:00,606 - INFO - 변동성 높은 종목 필터링 시작
2025-02-02 01:15:00,773 - INFO - 프로그램이 종료되었습니다.
