2025-02-01 23:29:09,104 - INFO - 🚀 자동매매 프로그램 시작!
2025-02-01 23:29:09,104 - INFO - 자동매매 실행 시작
2025-02-01 23:29:09,172 - INFO - 상위 50개 티커 조회: ['KRW-BTC', 'KRW-ETH', 'KRW-NEO', 'KRW-MTL', 'KRW-XRP', 'KRW-ETC', 'KRW-SNT', 'KRW-WAVES', 'KRW-XEM', 'KRW-QTUM', 'KRW-LSK', 'KRW-STEEM', 'KRW-XLM', 'KRW-ARDR', 'KRW-ARK', 'KRW-STORJ', 'KRW-GRS', 'KRW-ADA', 'KRW-SBD', 'KRW-POWR', 'KRW-ICX', 'KRW-EOS', 'KRW-TRX', 'KRW-SC', 'KRW-ONT', 'KRW-ZIL', 'KRW-POLYX', 'KRW-ZRX', 'KRW-LOOM', 'KRW-BCH', 'KRW-BAT', 'KRW-IOST', 'KRW-CVC', 'KRW-IQ', 'KRW-IOTA', 'KRW-HIFI', 'KRW-ONG', 'KRW-GAS', 'KRW-BOUNTY', 'KRW-ELF', 'KRW-KNC', 'KRW-BSV', 'KRW-THETA', 'KRW-QKC', 'KRW-BTT', 'KRW-MOC', 'KRW-TFUEL', 'KRW-MANA', 'KRW-ANKR', 'KRW-AERGO']
2025-02-01 23:29:09,172 - INFO - 변동성 높은 종목 필터링 시작
2025-02-01 23:29:09,485 - INFO - KRW-NEO: 변동성 기준 통과 (ATR: 552.1428571428571, 현재가: 22380.0)
2025-02-01 23:29:10,157 - INFO - KRW-XEM: 변동성 기준 통과 (ATR: 0.7400000000000004, 현재가: 36.81)
2025-02-01 23:29:10,274 - INFO - KRW-QTUM: 변동성 기준 통과 (ATR: 337.85714285714283, 현재가: 6258.0)
2025-02-01 23:29:11,977 - INFO - KRW-ONT: 변동성 기준 통과 (ATR: 17.4, 현재가: 376.0)
2025-02-01 23:29:13,320 - INFO - KRW-ONG: 변동성 기준 통과 (ATR: 11.171428571428574, 현재가: 471.5)
2025-02-01 23:29:13,430 - INFO - KRW-GAS: 변동성 기준 통과 (ATR: 153.35714285714286, 현재가: 7376.0)
2025-02-01 23:29:14,016 - INFO - KRW-THETA: 변동성 기준 통과 (ATR: 62.0, 현재가: 2981.0)
2025-02-01 23:29:14,914 - INFO - KRW-ANKR: 변동성 기준 통과 (ATR: 0.961428571428571, 현재가: 43.14)
2025-02-01 23:29:15,033 - INFO - 필터링 결과 - 변동성 높은 티커: ['KRW-NEO', 'KRW-XEM', 'KRW-QTUM', 'KRW-ONT', 'KRW-ONG', 'KRW-GAS', 'KRW-THETA', 'KRW-ANKR']
2025-02-01 23:29:15,034 - INFO - 포트폴리오 신규 진입 검토 시작
2025-02-01 23:29:15,100 - INFO - KRW-NEO: 총 19개의 이벤트 감지
2025-02-01 23:29:15,158 - INFO - KRW-NEO: 특별한 신호 없음, HOLD
2025-02-01 23:29:15,249 - INFO - KRW-XEM: 총 10개의 이벤트 감지
2025-02-01 23:29:15,308 - INFO - KRW-XEM: 특별한 신호 없음, HOLD
2025-02-01 23:29:15,370 - INFO - KRW-QTUM: 총 22개의 이벤트 감지
2025-02-01 23:29:15,425 - INFO - KRW-QTUM: 특별한 신호 없음, HOLD
2025-02-01 23:29:15,479 - INFO - KRW-ONT: 총 20개의 이벤트 감지
2025-02-01 23:29:15,524 - INFO - KRW-ONT: 특별한 신호 없음, HOLD
2025-02-01 23:29:15,590 - INFO - KRW-ONG: 총 10개의 이벤트 감지
2025-02-01 23:29:15,641 - INFO - KRW-ONG: 특별한 신호 없음, HOLD
2025-02-01 23:29:15,691 - INFO - KRW-GAS: 총 9개의 이벤트 감지
2025-02-01 23:29:15,691 - INFO - KRW-GAS: 이벤트 부족 (갯수: 9), HOLD 신호
2025-02-01 23:29:15,744 - INFO - KRW-THETA: 총 22개의 이벤트 감지
2025-02-01 23:29:15,791 - INFO - KRW-THETA: 특별한 신호 없음, HOLD
2025-02-01 23:29:15,853 - INFO - KRW-ANKR: 총 17개의 이벤트 감지
2025-02-01 23:29:15,902 - INFO - KRW-ANKR: 특별한 신호 없음, HOLD
2025-02-01 23:29:15,902 - INFO - 현재 포트폴리오 상태: {}
2025-02-01 23:30:15,978 - INFO - 상위 50개 티커 조회: ['KRW-BTC', 'KRW-ETH', 'KRW-NEO', 'KRW-MTL', 'KRW-XRP', 'KRW-ETC', 'KRW-SNT', 'KRW-WAVES', 'KRW-XEM', 'KRW-QTUM', 'KRW-LSK', 'KRW-STEEM', 'KRW-XLM', 'KRW-ARDR', 'KRW-ARK', 'KRW-STORJ', 'KRW-GRS', 'KRW-ADA', 'KRW-SBD', 'KRW-POWR', 'KRW-ICX', 'KRW-EOS', 'KRW-TRX', 'KRW-SC', 'KRW-ONT', 'KRW-ZIL', 'KRW-POLYX', 'KRW-ZRX', 'KRW-LOOM', 'KRW-BCH', 'KRW-BAT', 'KRW-IOST', 'KRW-CVC', 'KRW-IQ', 'KRW-IOTA', 'KRW-HIFI', 'KRW-ONG', 'KRW-GAS', 'KRW-BOUNTY', 'KRW-ELF', 'KRW-KNC', 'KRW-BSV', 'KRW-THETA', 'KRW-QKC', 'KRW-BTT', 'KRW-MOC', 'KRW-TFUEL', 'KRW-MANA', 'KRW-ANKR', 'KRW-AERGO']
2025-02-01 23:30:15,978 - INFO - 변동성 높은 종목 필터링 시작
2025-02-01 23:30:16,333 - INFO - KRW-NEO: 변동성 기준 통과 (ATR: 552.1428571428571, 현재가: 22420.0)
2025-02-01 23:30:17,027 - INFO - KRW-XEM: 변동성 기준 통과 (ATR: 0.7400000000000004, 현재가: 36.76)
2025-02-01 23:30:17,127 - INFO - KRW-QTUM: 변동성 기준 통과 (ATR: 337.85714285714283, 현재가: 6255.0)
2025-02-01 23:30:18,895 - INFO - KRW-ONT: 변동성 기준 통과 (ATR: 17.4, 현재가: 376.4)
2025-02-01 23:30:20,336 - INFO - KRW-ONG: 변동성 기준 통과 (ATR: 11.171428571428574, 현재가: 472.9)
2025-02-01 23:30:20,462 - INFO - KRW-GAS: 변동성 기준 통과 (ATR: 153.35714285714286, 현재가: 7398.0)
2025-02-01 23:30:21,071 - INFO - KRW-THETA: 변동성 기준 통과 (ATR: 62.0, 현재가: 2977.0)
2025-02-01 23:30:21,794 - INFO - KRW-ANKR: 변동성 기준 통과 (ATR: 0.961428571428571, 현재가: 43.14)
2025-02-01 23:30:21,909 - INFO - 필터링 결과 - 변동성 높은 티커: ['KRW-NEO', 'KRW-XEM', 'KRW-QTUM', 'KRW-ONT', 'KRW-ONG', 'KRW-GAS', 'KRW-THETA', 'KRW-ANKR']
2025-02-01 23:30:21,909 - INFO - 포트폴리오 신규 진입 검토 시작
2025-02-01 23:30:22,197 - INFO - KRW-NEO: 총 19개의 이벤트 감지
2025-02-01 23:30:22,251 - INFO - KRW-NEO: 특별한 신호 없음, HOLD
2025-02-01 23:30:22,320 - INFO - KRW-XEM: 총 10개의 이벤트 감지
2025-02-01 23:30:22,370 - INFO - KRW-XEM: 특별한 신호 없음, HOLD
2025-02-01 23:30:22,438 - INFO - KRW-QTUM: 총 22개의 이벤트 감지
2025-02-01 23:30:22,492 - INFO - KRW-QTUM: 특별한 신호 없음, HOLD
2025-02-01 23:30:22,559 - INFO - KRW-ONT: 총 20개의 이벤트 감지
2025-02-01 23:30:22,615 - INFO - KRW-ONT: 특별한 신호 없음, HOLD
2025-02-01 23:30:22,689 - INFO - KRW-ONG: 총 10개의 이벤트 감지
2025-02-01 23:30:22,736 - INFO - KRW-ONG: 특별한 신호 없음, HOLD
2025-02-01 23:30:22,797 - INFO - KRW-GAS: 총 9개의 이벤트 감지
2025-02-01 23:30:22,797 - INFO - KRW-GAS: 이벤트 부족 (갯수: 9), HOLD 신호
2025-02-01 23:30:22,864 - INFO - KRW-THETA: 총 22개의 이벤트 감지
2025-02-01 23:30:22,916 - INFO - KRW-THETA: 특별한 신호 없음, HOLD
2025-02-01 23:30:22,978 - INFO - KRW-ANKR: 총 17개의 이벤트 감지
2025-02-01 23:30:23,033 - INFO - KRW-ANKR: 특별한 신호 없음, HOLD
2025-02-01 23:30:23,033 - INFO - 현재 포트폴리오 상태: {}
2025-02-01 23:31:23,107 - INFO - 상위 50개 티커 조회: ['KRW-BTC', 'KRW-ETH', 'KRW-NEO', 'KRW-MTL', 'KRW-XRP', 'KRW-ETC', 'KRW-SNT', 'KRW-WAVES', 'KRW-XEM', 'KRW-QTUM', 'KRW-LSK', 'KRW-STEEM', 'KRW-XLM', 'KRW-ARDR', 'KRW-ARK', 'KRW-STORJ', 'KRW-GRS', 'KRW-ADA', 'KRW-SBD', 'KRW-POWR', 'KRW-ICX', 'KRW-EOS', 'KRW-TRX', 'KRW-SC', 'KRW-ONT', 'KRW-ZIL', 'KRW-POLYX', 'KRW-ZRX', 'KRW-LOOM', 'KRW-BCH', 'KRW-BAT', 'KRW-IOST', 'KRW-CVC', 'KRW-IQ', 'KRW-IOTA', 'KRW-HIFI', 'KRW-ONG', 'KRW-GAS', 'KRW-BOUNTY', 'KRW-ELF', 'KRW-KNC', 'KRW-BSV', 'KRW-THETA', 'KRW-QKC', 'KRW-BTT', 'KRW-MOC', 'KRW-TFUEL', 'KRW-MANA', 'KRW-ANKR', 'KRW-AERGO']
2025-02-01 23:31:23,107 - INFO - 변동성 높은 종목 필터링 시작
2025-02-01 23:31:23,442 - INFO - KRW-NEO: 변동성 기준 통과 (ATR: 552.1428571428571, 현재가: 22440.0)
2025-02-01 23:31:24,131 - INFO - KRW-XEM: 변동성 기준 통과 (ATR: 0.7400000000000004, 현재가: 36.71)
2025-02-01 23:31:24,245 - INFO - KRW-QTUM: 변동성 기준 통과 (ATR: 337.85714285714283, 현재가: 6294.0)
2025-02-01 23:31:25,892 - INFO - KRW-ONT: 변동성 기준 통과 (ATR: 17.4, 현재가: 376.8)
2025-02-01 23:31:27,333 - INFO - KRW-ONG: 변동성 기준 통과 (ATR: 11.171428571428574, 현재가: 472.9)
2025-02-01 23:31:27,455 - INFO - KRW-GAS: 변동성 기준 통과 (ATR: 153.35714285714286, 현재가: 7398.0)
2025-02-01 23:31:28,022 - INFO - KRW-THETA: 변동성 기준 통과 (ATR: 62.0, 현재가: 2978.0)
2025-02-01 23:31:29,048 - INFO - KRW-ANKR: 변동성 기준 통과 (ATR: 0.961428571428571, 현재가: 43.18)
2025-02-01 23:31:29,174 - INFO - 필터링 결과 - 변동성 높은 티커: ['KRW-NEO', 'KRW-XEM', 'KRW-QTUM', 'KRW-ONT', 'KRW-ONG', 'KRW-GAS', 'KRW-THETA', 'KRW-ANKR']
2025-02-01 23:31:29,174 - INFO - 포트폴리오 신규 진입 검토 시작
2025-02-01 23:31:29,232 - INFO - KRW-NEO: 총 19개의 이벤트 감지
2025-02-01 23:31:29,283 - INFO - KRW-NEO: 특별한 신호 없음, HOLD
2025-02-01 23:31:29,348 - INFO - KRW-XEM: 총 10개의 이벤트 감지
2025-02-01 23:31:29,399 - INFO - KRW-XEM: 특별한 신호 없음, HOLD
2025-02-01 23:31:29,457 - INFO - KRW-QTUM: 총 22개의 이벤트 감지
2025-02-01 23:31:29,517 - INFO - KRW-QTUM: 특별한 신호 없음, HOLD
2025-02-01 23:31:29,580 - INFO - KRW-ONT: 총 20개의 이벤트 감지
2025-02-01 23:31:29,639 - INFO - KRW-ONT: 특별한 신호 없음, HOLD
2025-02-01 23:31:29,697 - INFO - KRW-ONG: 총 10개의 이벤트 감지
2025-02-01 23:31:29,749 - INFO - KRW-ONG: 특별한 신호 없음, HOLD
2025-02-01 23:31:29,818 - INFO - KRW-GAS: 총 9개의 이벤트 감지
2025-02-01 23:31:29,818 - INFO - KRW-GAS: 이벤트 부족 (갯수: 9), HOLD 신호
2025-02-01 23:31:29,887 - INFO - KRW-THETA: 총 22개의 이벤트 감지
2025-02-01 23:31:29,937 - INFO - KRW-THETA: 특별한 신호 없음, HOLD
2025-02-01 23:31:29,998 - INFO - KRW-ANKR: 총 17개의 이벤트 감지
2025-02-01 23:31:30,047 - INFO - KRW-ANKR: 특별한 신호 없음, HOLD
2025-02-01 23:31:30,047 - INFO - 현재 포트폴리오 상태: {}
2025-02-01 23:32:30,130 - INFO - 상위 50개 티커 조회: ['KRW-BTC', 'KRW-ETH', 'KRW-NEO', 'KRW-MTL', 'KRW-XRP', 'KRW-ETC', 'KRW-SNT', 'KRW-WAVES', 'KRW-XEM', 'KRW-QTUM', 'KRW-LSK', 'KRW-STEEM', 'KRW-XLM', 'KRW-ARDR', 'KRW-ARK', 'KRW-STORJ', 'KRW-GRS', 'KRW-ADA', 'KRW-SBD', 'KRW-POWR', 'KRW-ICX', 'KRW-EOS', 'KRW-TRX', 'KRW-SC', 'KRW-ONT', 'KRW-ZIL', 'KRW-POLYX', 'KRW-ZRX', 'KRW-LOOM', 'KRW-BCH', 'KRW-BAT', 'KRW-IOST', 'KRW-CVC', 'KRW-IQ', 'KRW-IOTA', 'KRW-HIFI', 'KRW-ONG', 'KRW-GAS', 'KRW-BOUNTY', 'KRW-ELF', 'KRW-KNC', 'KRW-BSV', 'KRW-THETA', 'KRW-QKC', 'KRW-BTT', 'KRW-MOC', 'KRW-TFUEL', 'KRW-MANA', 'KRW-ANKR', 'KRW-AERGO']
2025-02-01 23:32:30,130 - INFO - 변동성 높은 종목 필터링 시작
2025-02-01 23:32:30,491 - INFO - KRW-NEO: 변동성 기준 통과 (ATR: 552.1428571428571, 현재가: 22440.0)
2025-02-01 23:32:31,181 - INFO - KRW-XEM: 변동성 기준 통과 (ATR: 0.7400000000000004, 현재가: 36.71)
2025-02-01 23:32:31,281 - INFO - KRW-QTUM: 변동성 기준 통과 (ATR: 337.85714285714283, 현재가: 6271.0)
2025-02-01 23:32:33,105 - INFO - KRW-ONT: 변동성 기준 통과 (ATR: 17.4, 현재가: 377.5)
2025-02-01 23:32:34,522 - INFO - KRW-ONG: 변동성 기준 통과 (ATR: 11.171428571428574, 현재가: 473.0)
2025-02-01 23:32:34,638 - INFO - KRW-GAS: 변동성 기준 통과 (ATR: 153.35714285714286, 현재가: 7398.0)
2025-02-01 23:32:35,229 - INFO - KRW-THETA: 변동성 기준 통과 (ATR: 62.0, 현재가: 2981.0)
2025-02-01 23:32:35,970 - INFO - KRW-ANKR: 변동성 기준 통과 (ATR: 0.961428571428571, 현재가: 43.39)
2025-02-01 23:32:36,087 - INFO - 필터링 결과 - 변동성 높은 티커: ['KRW-NEO', 'KRW-XEM', 'KRW-QTUM', 'KRW-ONT', 'KRW-ONG', 'KRW-GAS', 'KRW-THETA', 'KRW-ANKR']
2025-02-01 23:32:36,087 - INFO - 포트폴리오 신규 진입 검토 시작
2025-02-01 23:32:36,151 - INFO - KRW-NEO: 총 19개의 이벤트 감지
2025-02-01 23:32:36,200 - INFO - KRW-NEO: 특별한 신호 없음, HOLD
2025-02-01 23:32:36,258 - INFO - KRW-XEM: 총 10개의 이벤트 감지
2025-02-01 23:32:36,303 - INFO - KRW-XEM: 특별한 신호 없음, HOLD
2025-02-01 23:32:36,367 - INFO - KRW-QTUM: 총 22개의 이벤트 감지
2025-02-01 23:32:36,419 - INFO - KRW-QTUM: 특별한 신호 없음, HOLD
2025-02-01 23:32:36,481 - INFO - KRW-ONT: 총 20개의 이벤트 감지
2025-02-01 23:32:36,536 - INFO - KRW-ONT: 특별한 신호 없음, HOLD
2025-02-01 23:32:36,598 - INFO - KRW-ONG: 총 10개의 이벤트 감지
2025-02-01 23:32:36,653 - INFO - KRW-ONG: 특별한 신호 없음, HOLD
2025-02-01 23:32:36,719 - INFO - KRW-GAS: 총 9개의 이벤트 감지
2025-02-01 23:32:36,719 - INFO - KRW-GAS: 이벤트 부족 (갯수: 9), HOLD 신호
2025-02-01 23:32:36,791 - INFO - KRW-THETA: 총 22개의 이벤트 감지
2025-02-01 23:32:36,851 - INFO - KRW-THETA: 특별한 신호 없음, HOLD
2025-02-01 23:32:36,918 - INFO - KRW-ANKR: 총 17개의 이벤트 감지
2025-02-01 23:32:36,979 - INFO - KRW-ANKR: 특별한 신호 없음, HOLD
2025-02-01 23:32:36,980 - INFO - 현재 포트폴리오 상태: {}
2025-02-01 23:33:37,051 - INFO - 상위 50개 티커 조회: ['KRW-BTC', 'KRW-ETH', 'KRW-NEO', 'KRW-MTL', 'KRW-XRP', 'KRW-ETC', 'KRW-SNT', 'KRW-WAVES', 'KRW-XEM', 'KRW-QTUM', 'KRW-LSK', 'KRW-STEEM', 'KRW-XLM', 'KRW-ARDR', 'KRW-ARK', 'KRW-STORJ', 'KRW-GRS', 'KRW-ADA', 'KRW-SBD', 'KRW-POWR', 'KRW-ICX', 'KRW-EOS', 'KRW-TRX', 'KRW-SC', 'KRW-ONT', 'KRW-ZIL', 'KRW-POLYX', 'KRW-ZRX', 'KRW-LOOM', 'KRW-BCH', 'KRW-BAT', 'KRW-IOST', 'KRW-CVC', 'KRW-IQ', 'KRW-IOTA', 'KRW-HIFI', 'KRW-ONG', 'KRW-GAS', 'KRW-BOUNTY', 'KRW-ELF', 'KRW-KNC', 'KRW-BSV', 'KRW-THETA', 'KRW-QKC', 'KRW-BTT', 'KRW-MOC', 'KRW-TFUEL', 'KRW-MANA', 'KRW-ANKR', 'KRW-AERGO']
2025-02-01 23:33:37,052 - INFO - 변동성 높은 종목 필터링 시작
2025-02-01 23:33:37,371 - INFO - KRW-NEO: 변동성 기준 통과 (ATR: 552.1428571428571, 현재가: 22480.0)
2025-02-01 23:33:38,067 - INFO - KRW-XEM: 변동성 기준 통과 (ATR: 0.7400000000000004, 현재가: 36.68)
2025-02-01 23:33:38,175 - INFO - KRW-QTUM: 변동성 기준 통과 (ATR: 337.85714285714283, 현재가: 6275.0)
2025-02-01 23:33:39,965 - INFO - KRW-ONT: 변동성 기준 통과 (ATR: 17.4, 현재가: 378.2)
2025-02-01 23:33:41,273 - INFO - KRW-ONG: 변동성 기준 통과 (ATR: 11.171428571428574, 현재가: 473.0)
2025-02-01 23:33:41,370 - INFO - KRW-GAS: 변동성 기준 통과 (ATR: 153.35714285714286, 현재가: 7414.0)
2025-02-01 23:33:41,951 - INFO - KRW-THETA: 변동성 기준 통과 (ATR: 62.0, 현재가: 2986.0)
2025-02-01 23:33:42,619 - INFO - KRW-ANKR: 변동성 기준 통과 (ATR: 0.9621428571428565, 현재가: 43.4)
2025-02-01 23:33:42,723 - INFO - 필터링 결과 - 변동성 높은 티커: ['KRW-NEO', 'KRW-XEM', 'KRW-QTUM', 'KRW-ONT', 'KRW-ONG', 'KRW-GAS', 'KRW-THETA', 'KRW-ANKR']
2025-02-01 23:33:42,723 - INFO - 포트폴리오 신규 진입 검토 시작
2025-02-01 23:33:42,784 - INFO - KRW-NEO: 총 19개의 이벤트 감지
2025-02-01 23:33:42,831 - INFO - KRW-NEO: 특별한 신호 없음, HOLD
2025-02-01 23:33:42,896 - INFO - KRW-XEM: 총 10개의 이벤트 감지
2025-02-01 23:33:42,942 - INFO - KRW-XEM: 특별한 신호 없음, HOLD
2025-02-01 23:33:42,995 - INFO - KRW-QTUM: 총 22개의 이벤트 감지
2025-02-01 23:33:43,047 - INFO - KRW-QTUM: 특별한 신호 없음, HOLD
2025-02-01 23:33:43,106 - INFO - KRW-ONT: 총 20개의 이벤트 감지
2025-02-01 23:33:43,158 - INFO - KRW-ONT: 특별한 신호 없음, HOLD
2025-02-01 23:33:43,219 - INFO - KRW-ONG: 총 10개의 이벤트 감지
2025-02-01 23:33:43,269 - INFO - KRW-ONG: 특별한 신호 없음, HOLD
2025-02-01 23:33:43,322 - INFO - KRW-GAS: 총 9개의 이벤트 감지
2025-02-01 23:33:43,323 - INFO - KRW-GAS: 이벤트 부족 (갯수: 9), HOLD 신호
2025-02-01 23:33:43,374 - INFO - KRW-THETA: 총 22개의 이벤트 감지
2025-02-01 23:33:43,422 - INFO - KRW-THETA: 특별한 신호 없음, HOLD
2025-02-01 23:33:43,474 - INFO - KRW-ANKR: 총 17개의 이벤트 감지
2025-02-01 23:33:43,527 - INFO - KRW-ANKR: 특별한 신호 없음, HOLD
2025-02-01 23:33:43,528 - INFO - 현재 포트폴리오 상태: {}
2025-02-01 23:34:43,593 - INFO - 상위 50개 티커 조회: ['KRW-BTC', 'KRW-ETH', 'KRW-NEO', 'KRW-MTL', 'KRW-XRP', 'KRW-ETC', 'KRW-SNT', 'KRW-WAVES', 'KRW-XEM', 'KRW-QTUM', 'KRW-LSK', 'KRW-STEEM', 'KRW-XLM', 'KRW-ARDR', 'KRW-ARK', 'KRW-STORJ', 'KRW-GRS', 'KRW-ADA', 'KRW-SBD', 'KRW-POWR', 'KRW-ICX', 'KRW-EOS', 'KRW-TRX', 'KRW-SC', 'KRW-ONT', 'KRW-ZIL', 'KRW-POLYX', 'KRW-ZRX', 'KRW-LOOM', 'KRW-BCH', 'KRW-BAT', 'KRW-IOST', 'KRW-CVC', 'KRW-IQ', 'KRW-IOTA', 'KRW-HIFI', 'KRW-ONG', 'KRW-GAS', 'KRW-BOUNTY', 'KRW-ELF', 'KRW-KNC', 'KRW-BSV', 'KRW-THETA', 'KRW-QKC', 'KRW-BTT', 'KRW-MOC', 'KRW-TFUEL', 'KRW-MANA', 'KRW-ANKR', 'KRW-AERGO']
2025-02-01 23:34:43,593 - INFO - 변동성 높은 종목 필터링 시작
2025-02-01 23:34:43,899 - INFO - KRW-NEO: 변동성 기준 통과 (ATR: 552.1428571428571, 현재가: 22470.0)
2025-02-01 23:34:44,503 - INFO - KRW-XEM: 변동성 기준 통과 (ATR: 0.7400000000000004, 현재가: 36.58)
2025-02-01 23:34:44,612 - INFO - KRW-QTUM: 변동성 기준 통과 (ATR: 337.85714285714283, 현재가: 6279.0)
2025-02-01 23:34:46,244 - INFO - KRW-ONT: 변동성 기준 통과 (ATR: 17.4, 현재가: 378.4)
2025-02-01 23:34:47,537 - INFO - KRW-ONG: 변동성 기준 통과 (ATR: 11.171428571428574, 현재가: 474.6)
2025-02-01 23:34:47,706 - INFO - KRW-GAS: 변동성 기준 통과 (ATR: 153.35714285714286, 현재가: 7420.0)
2025-02-01 23:34:48,257 - INFO - KRW-THETA: 변동성 기준 통과 (ATR: 62.0, 현재가: 2986.0)
2025-02-01 23:34:48,906 - INFO - KRW-ANKR: 변동성 기준 통과 (ATR: 0.9635714285714282, 현재가: 43.42)
2025-02-01 23:34:49,015 - INFO - 필터링 결과 - 변동성 높은 티커: ['KRW-NEO', 'KRW-XEM', 'KRW-QTUM', 'KRW-ONT', 'KRW-ONG', 'KRW-GAS', 'KRW-THETA', 'KRW-ANKR']
2025-02-01 23:34:49,016 - INFO - 포트폴리오 신규 진입 검토 시작
2025-02-01 23:34:49,084 - INFO - KRW-NEO: 총 19개의 이벤트 감지
2025-02-01 23:34:49,145 - INFO - KRW-NEO: 특별한 신호 없음, HOLD
2025-02-01 23:34:49,200 - INFO - KRW-XEM: 총 10개의 이벤트 감지
2025-02-01 23:34:49,248 - INFO - KRW-XEM: 특별한 신호 없음, HOLD
2025-02-01 23:34:49,313 - INFO - KRW-QTUM: 총 22개의 이벤트 감지
2025-02-01 23:34:49,369 - INFO - KRW-QTUM: 특별한 신호 없음, HOLD
2025-02-01 23:34:49,430 - INFO - KRW-ONT: 총 20개의 이벤트 감지
2025-02-01 23:34:49,474 - INFO - KRW-ONT: 특별한 신호 없음, HOLD
2025-02-01 23:34:49,536 - INFO - KRW-ONG: 총 10개의 이벤트 감지
2025-02-01 23:34:49,586 - INFO - KRW-ONG: 특별한 신호 없음, HOLD
2025-02-01 23:34:49,644 - INFO - KRW-GAS: 총 9개의 이벤트 감지
2025-02-01 23:34:49,645 - INFO - KRW-GAS: 이벤트 부족 (갯수: 9), HOLD 신호
2025-02-01 23:34:49,688 - INFO - KRW-THETA: 총 22개의 이벤트 감지
2025-02-01 23:34:49,732 - INFO - KRW-THETA: 특별한 신호 없음, HOLD
2025-02-01 23:34:49,790 - INFO - KRW-ANKR: 총 17개의 이벤트 감지
2025-02-01 23:34:49,831 - INFO - KRW-ANKR: 특별한 신호 없음, HOLD
2025-02-01 23:34:49,831 - INFO - 현재 포트폴리오 상태: {}
2025-02-01 23:35:49,894 - INFO - 상위 50개 티커 조회: ['KRW-BTC', 'KRW-ETH', 'KRW-NEO', 'KRW-MTL', 'KRW-XRP', 'KRW-ETC', 'KRW-SNT', 'KRW-WAVES', 'KRW-XEM', 'KRW-QTUM', 'KRW-LSK', 'KRW-STEEM', 'KRW-XLM', 'KRW-ARDR', 'KRW-ARK', 'KRW-STORJ', 'KRW-GRS', 'KRW-ADA', 'KRW-SBD', 'KRW-POWR', 'KRW-ICX', 'KRW-EOS', 'KRW-TRX', 'KRW-SC', 'KRW-ONT', 'KRW-ZIL', 'KRW-POLYX', 'KRW-ZRX', 'KRW-LOOM', 'KRW-BCH', 'KRW-BAT', 'KRW-IOST', 'KRW-CVC', 'KRW-IQ', 'KRW-IOTA', 'KRW-HIFI', 'KRW-ONG', 'KRW-GAS', 'KRW-BOUNTY', 'KRW-ELF', 'KRW-KNC', 'KRW-BSV', 'KRW-THETA', 'KRW-QKC', 'KRW-BTT', 'KRW-MOC', 'KRW-TFUEL', 'KRW-MANA', 'KRW-ANKR', 'KRW-AERGO']
2025-02-01 23:35:49,895 - INFO - 변동성 높은 종목 필터링 시작
2025-02-01 23:35:50,206 - INFO - KRW-NEO: 변동성 기준 통과 (ATR: 552.1428571428571, 현재가: 22430.0)
2025-02-01 23:35:50,849 - INFO - KRW-XEM: 변동성 기준 통과 (ATR: 0.7400000000000004, 현재가: 36.58)
2025-02-01 23:35:50,946 - INFO - KRW-QTUM: 변동성 기준 통과 (ATR: 337.85714285714283, 현재가: 6262.0)
2025-02-01 23:35:52,581 - INFO - KRW-ONT: 변동성 기준 통과 (ATR: 17.4, 현재가: 377.1)
2025-02-01 23:35:53,861 - INFO - KRW-ONG: 변동성 기준 통과 (ATR: 11.171428571428574, 현재가: 474.0)
2025-02-01 23:35:53,954 - INFO - KRW-GAS: 변동성 기준 통과 (ATR: 153.35714285714286, 현재가: 7407.0)
2025-02-01 23:35:54,525 - INFO - KRW-THETA: 변동성 기준 통과 (ATR: 62.0, 현재가: 2986.0)
2025-02-01 23:35:55,157 - INFO - KRW-ANKR: 변동성 기준 통과 (ATR: 0.9792857142857139, 현재가: 43.52)
2025-02-01 23:35:55,261 - INFO - 필터링 결과 - 변동성 높은 티커: ['KRW-NEO', 'KRW-XEM', 'KRW-QTUM', 'KRW-ONT', 'KRW-ONG', 'KRW-GAS', 'KRW-THETA', 'KRW-ANKR']
2025-02-01 23:35:55,261 - INFO - 포트폴리오 신규 진입 검토 시작
2025-02-01 23:35:55,330 - INFO - KRW-NEO: 총 19개의 이벤트 감지
2025-02-01 23:35:55,375 - INFO - KRW-NEO: 특별한 신호 없음, HOLD
2025-02-01 23:35:55,439 - INFO - KRW-XEM: 총 10개의 이벤트 감지
2025-02-01 23:35:55,486 - INFO - KRW-XEM: 특별한 신호 없음, HOLD
2025-02-01 23:35:55,552 - INFO - KRW-QTUM: 총 22개의 이벤트 감지
2025-02-01 23:35:55,595 - INFO - KRW-QTUM: 특별한 신호 없음, HOLD
2025-02-01 23:35:55,644 - INFO - KRW-ONT: 총 20개의 이벤트 감지
2025-02-01 23:35:55,689 - INFO - KRW-ONT: 특별한 신호 없음, HOLD
2025-02-01 23:35:55,743 - INFO - KRW-ONG: 총 10개의 이벤트 감지
2025-02-01 23:35:55,798 - INFO - KRW-ONG: 특별한 신호 없음, HOLD
2025-02-01 23:35:55,861 - INFO - KRW-GAS: 총 9개의 이벤트 감지
2025-02-01 23:35:55,861 - INFO - KRW-GAS: 이벤트 부족 (갯수: 9), HOLD 신호
2025-02-01 23:35:55,925 - INFO - KRW-THETA: 총 22개의 이벤트 감지
2025-02-01 23:35:55,974 - INFO - KRW-THETA: 특별한 신호 없음, HOLD
2025-02-01 23:35:56,022 - INFO - KRW-ANKR: 총 17개의 이벤트 감지
2025-02-01 23:35:56,065 - INFO - KRW-ANKR: 특별한 신호 없음, HOLD
2025-02-01 23:35:56,065 - INFO - 현재 포트폴리오 상태: {}
2025-02-01 23:36:56,117 - INFO - 상위 50개 티커 조회: ['KRW-BTC', 'KRW-ETH', 'KRW-NEO', 'KRW-MTL', 'KRW-XRP', 'KRW-ETC', 'KRW-SNT', 'KRW-WAVES', 'KRW-XEM', 'KRW-QTUM', 'KRW-LSK', 'KRW-STEEM', 'KRW-XLM', 'KRW-ARDR', 'KRW-ARK', 'KRW-STORJ', 'KRW-GRS', 'KRW-ADA', 'KRW-SBD', 'KRW-POWR', 'KRW-ICX', 'KRW-EOS', 'KRW-TRX', 'KRW-SC', 'KRW-ONT', 'KRW-ZIL', 'KRW-POLYX', 'KRW-ZRX', 'KRW-LOOM', 'KRW-BCH', 'KRW-BAT', 'KRW-IOST', 'KRW-CVC', 'KRW-IQ', 'KRW-IOTA', 'KRW-HIFI', 'KRW-ONG', 'KRW-GAS', 'KRW-BOUNTY', 'KRW-ELF', 'KRW-KNC', 'KRW-BSV', 'KRW-THETA', 'KRW-QKC', 'KRW-BTT', 'KRW-MOC', 'KRW-TFUEL', 'KRW-MANA', 'KRW-ANKR', 'KRW-AERGO']
2025-02-01 23:36:56,118 - INFO - 변동성 높은 종목 필터링 시작
2025-02-01 23:36:56,435 - INFO - KRW-NEO: 변동성 기준 통과 (ATR: 552.1428571428571, 현재가: 22350.0)
2025-02-01 23:36:57,118 - INFO - KRW-XEM: 변동성 기준 통과 (ATR: 0.7400000000000004, 현재가: 36.45)
2025-02-01 23:36:57,216 - INFO - KRW-QTUM: 변동성 기준 통과 (ATR: 337.85714285714283, 현재가: 6253.0)
2025-02-01 23:36:58,883 - INFO - KRW-ONT: 변동성 기준 통과 (ATR: 17.4, 현재가: 378.6)
2025-02-01 23:37:00,234 - INFO - KRW-ONG: 변동성 기준 통과 (ATR: 11.171428571428574, 현재가: 473.6)
2025-02-01 23:37:00,365 - INFO - KRW-GAS: 변동성 기준 통과 (ATR: 153.35714285714286, 현재가: 7384.0)
2025-02-01 23:37:00,891 - INFO - KRW-THETA: 변동성 기준 통과 (ATR: 62.0, 현재가: 2982.0)
2025-02-01 23:37:01,567 - INFO - KRW-ANKR: 변동성 기준 통과 (ATR: 0.9792857142857139, 현재가: 43.43)
2025-02-01 23:37:01,685 - INFO - 필터링 결과 - 변동성 높은 티커: ['KRW-NEO', 'KRW-XEM', 'KRW-QTUM', 'KRW-ONT', 'KRW-ONG', 'KRW-GAS', 'KRW-THETA', 'KRW-ANKR']
2025-02-01 23:37:01,685 - INFO - 포트폴리오 신규 진입 검토 시작
2025-02-01 23:37:01,750 - INFO - KRW-NEO: 총 19개의 이벤트 감지
2025-02-01 23:37:01,807 - INFO - KRW-NEO: 특별한 신호 없음, HOLD
2025-02-01 23:37:01,865 - INFO - KRW-XEM: 총 10개의 이벤트 감지
2025-02-01 23:37:01,926 - INFO - KRW-XEM: 특별한 신호 없음, HOLD
2025-02-01 23:37:01,994 - INFO - KRW-QTUM: 총 22개의 이벤트 감지
2025-02-01 23:37:02,044 - INFO - KRW-QTUM: 특별한 신호 없음, HOLD
2025-02-01 23:37:02,113 - INFO - KRW-ONT: 총 20개의 이벤트 감지
2025-02-01 23:37:02,165 - INFO - KRW-ONT: 특별한 신호 없음, HOLD
2025-02-01 23:37:02,220 - INFO - KRW-ONG: 총 10개의 이벤트 감지
2025-02-01 23:37:02,268 - INFO - KRW-ONG: 특별한 신호 없음, HOLD
2025-02-01 23:37:02,332 - INFO - KRW-GAS: 총 9개의 이벤트 감지
2025-02-01 23:37:02,332 - INFO - KRW-GAS: 이벤트 부족 (갯수: 9), HOLD 신호
2025-02-01 23:37:02,398 - INFO - KRW-THETA: 총 22개의 이벤트 감지
2025-02-01 23:37:02,443 - INFO - KRW-THETA: 특별한 신호 없음, HOLD
2025-02-01 23:37:02,503 - INFO - KRW-ANKR: 총 17개의 이벤트 감지
2025-02-01 23:37:02,560 - INFO - KRW-ANKR: 특별한 신호 없음, HOLD
2025-02-01 23:37:02,560 - INFO - 현재 포트폴리오 상태: {}
2025-02-01 23:38:02,623 - INFO - 상위 50개 티커 조회: ['KRW-BTC', 'KRW-ETH', 'KRW-NEO', 'KRW-MTL', 'KRW-XRP', 'KRW-ETC', 'KRW-SNT', 'KRW-WAVES', 'KRW-XEM', 'KRW-QTUM', 'KRW-LSK', 'KRW-STEEM', 'KRW-XLM', 'KRW-ARDR', 'KRW-ARK', 'KRW-STORJ', 'KRW-GRS', 'KRW-ADA', 'KRW-SBD', 'KRW-POWR', 'KRW-ICX', 'KRW-EOS', 'KRW-TRX', 'KRW-SC', 'KRW-ONT', 'KRW-ZIL', 'KRW-POLYX', 'KRW-ZRX', 'KRW-LOOM', 'KRW-BCH', 'KRW-BAT', 'KRW-IOST', 'KRW-CVC', 'KRW-IQ', 'KRW-IOTA', 'KRW-HIFI', 'KRW-ONG', 'KRW-GAS', 'KRW-BOUNTY', 'KRW-ELF', 'KRW-KNC', 'KRW-BSV', 'KRW-THETA', 'KRW-QKC', 'KRW-BTT', 'KRW-MOC', 'KRW-TFUEL', 'KRW-MANA', 'KRW-ANKR', 'KRW-AERGO']
2025-02-01 23:38:02,624 - INFO - 변동성 높은 종목 필터링 시작
2025-02-01 23:38:02,993 - INFO - KRW-NEO: 변동성 기준 통과 (ATR: 552.1428571428571, 현재가: 22360.0)
2025-02-01 23:38:03,638 - INFO - KRW-XEM: 변동성 기준 통과 (ATR: 0.7400000000000004, 현재가: 36.56)
2025-02-01 23:38:03,764 - INFO - KRW-QTUM: 변동성 기준 통과 (ATR: 337.85714285714283, 현재가: 6264.0)
2025-02-01 23:38:05,605 - INFO - KRW-ONT: 변동성 기준 통과 (ATR: 17.4, 현재가: 378.7)
2025-02-01 23:38:07,047 - INFO - KRW-ONG: 변동성 기준 통과 (ATR: 11.171428571428574, 현재가: 474.4)
2025-02-01 23:38:07,160 - INFO - KRW-GAS: 변동성 기준 통과 (ATR: 153.35714285714286, 현재가: 7399.0)
2025-02-01 23:38:07,754 - INFO - KRW-THETA: 변동성 기준 통과 (ATR: 62.0, 현재가: 2984.0)
2025-02-01 23:38:08,473 - INFO - KRW-ANKR: 변동성 기준 통과 (ATR: 0.9792857142857139, 현재가: 43.37)
2025-02-01 23:38:08,586 - INFO - 필터링 결과 - 변동성 높은 티커: ['KRW-NEO', 'KRW-XEM', 'KRW-QTUM', 'KRW-ONT', 'KRW-ONG', 'KRW-GAS', 'KRW-THETA', 'KRW-ANKR']
2025-02-01 23:38:08,586 - INFO - 포트폴리오 신규 진입 검토 시작
2025-02-01 23:38:08,647 - INFO - KRW-NEO: 총 19개의 이벤트 감지
2025-02-01 23:38:08,696 - INFO - KRW-NEO: 특별한 신호 없음, HOLD
2025-02-01 23:38:08,743 - INFO - KRW-XEM: 총 10개의 이벤트 감지
2025-02-01 23:38:08,792 - INFO - KRW-XEM: 특별한 신호 없음, HOLD
2025-02-01 23:38:08,853 - INFO - KRW-QTUM: 총 22개의 이벤트 감지
2025-02-01 23:38:08,908 - INFO - KRW-QTUM: 특별한 신호 없음, HOLD
2025-02-01 23:38:08,964 - INFO - KRW-ONT: 총 20개의 이벤트 감지
2025-02-01 23:38:09,020 - INFO - KRW-ONT: 특별한 신호 없음, HOLD
2025-02-01 23:38:09,091 - INFO - KRW-ONG: 총 10개의 이벤트 감지
2025-02-01 23:38:09,145 - INFO - KRW-ONG: 특별한 신호 없음, HOLD
2025-02-01 23:38:09,209 - INFO - KRW-GAS: 총 9개의 이벤트 감지
2025-02-01 23:38:09,209 - INFO - KRW-GAS: 이벤트 부족 (갯수: 9), HOLD 신호
2025-02-01 23:38:09,270 - INFO - KRW-THETA: 총 22개의 이벤트 감지
2025-02-01 23:38:09,325 - INFO - KRW-THETA: 특별한 신호 없음, HOLD
2025-02-01 23:38:09,389 - INFO - KRW-ANKR: 총 17개의 이벤트 감지
2025-02-01 23:38:09,441 - INFO - KRW-ANKR: 특별한 신호 없음, HOLD
2025-02-01 23:38:09,442 - INFO - 현재 포트폴리오 상태: {}
2025-02-01 23:39:09,510 - INFO - 상위 50개 티커 조회: ['KRW-BTC', 'KRW-ETH', 'KRW-NEO', 'KRW-MTL', 'KRW-XRP', 'KRW-ETC', 'KRW-SNT', 'KRW-WAVES', 'KRW-XEM', 'KRW-QTUM', 'KRW-LSK', 'KRW-STEEM', 'KRW-XLM', 'KRW-ARDR', 'KRW-ARK', 'KRW-STORJ', 'KRW-GRS', 'KRW-ADA', 'KRW-SBD', 'KRW-POWR', 'KRW-ICX', 'KRW-EOS', 'KRW-TRX', 'KRW-SC', 'KRW-ONT', 'KRW-ZIL', 'KRW-POLYX', 'KRW-ZRX', 'KRW-LOOM', 'KRW-BCH', 'KRW-BAT', 'KRW-IOST', 'KRW-CVC', 'KRW-IQ', 'KRW-IOTA', 'KRW-HIFI', 'KRW-ONG', 'KRW-GAS', 'KRW-BOUNTY', 'KRW-ELF', 'KRW-KNC', 'KRW-BSV', 'KRW-THETA', 'KRW-QKC', 'KRW-BTT', 'KRW-MOC', 'KRW-TFUEL', 'KRW-MANA', 'KRW-ANKR', 'KRW-AERGO']
2025-02-01 23:39:09,511 - INFO - 변동성 높은 종목 필터링 시작
2025-02-01 23:39:09,845 - INFO - KRW-NEO: 변동성 기준 통과 (ATR: 552.1428571428571, 현재가: 22350.0)
2025-02-01 23:39:10,527 - INFO - KRW-XEM: 변동성 기준 통과 (ATR: 0.7400000000000004, 현재가: 36.46)
2025-02-01 23:39:10,633 - INFO - KRW-QTUM: 변동성 기준 통과 (ATR: 337.85714285714283, 현재가: 6258.0)
2025-02-01 23:39:12,430 - INFO - KRW-ONT: 변동성 기준 통과 (ATR: 17.4, 현재가: 377.2)
2025-02-01 23:39:13,835 - INFO - KRW-ONG: 변동성 기준 통과 (ATR: 11.171428571428574, 현재가: 474.4)
2025-02-01 23:39:13,941 - INFO - KRW-GAS: 변동성 기준 통과 (ATR: 153.35714285714286, 현재가: 7396.0)
2025-02-01 23:39:14,533 - INFO - KRW-THETA: 변동성 기준 통과 (ATR: 62.0, 현재가: 2981.0)
2025-02-01 23:39:15,242 - INFO - KRW-ANKR: 변동성 기준 통과 (ATR: 0.9792857142857139, 현재가: 43.28)
2025-02-01 23:39:15,359 - INFO - 필터링 결과 - 변동성 높은 티커: ['KRW-NEO', 'KRW-XEM', 'KRW-QTUM', 'KRW-ONT', 'KRW-ONG', 'KRW-GAS', 'KRW-THETA', 'KRW-ANKR']
2025-02-01 23:39:15,360 - INFO - 포트폴리오 신규 진입 검토 시작
2025-02-01 23:39:15,424 - INFO - KRW-NEO: 총 19개의 이벤트 감지
2025-02-01 23:39:15,477 - INFO - KRW-NEO: 특별한 신호 없음, HOLD
2025-02-01 23:39:15,534 - INFO - KRW-XEM: 총 10개의 이벤트 감지
2025-02-01 23:39:15,577 - INFO - KRW-XEM: 특별한 신호 없음, HOLD
2025-02-01 23:39:15,629 - INFO - KRW-QTUM: 총 22개의 이벤트 감지
2025-02-01 23:39:15,676 - INFO - KRW-QTUM: 특별한 신호 없음, HOLD
2025-02-01 23:39:15,728 - INFO - KRW-ONT: 총 20개의 이벤트 감지
2025-02-01 23:39:15,784 - INFO - KRW-ONT: 특별한 신호 없음, HOLD
2025-02-01 23:39:15,847 - INFO - KRW-ONG: 총 10개의 이벤트 감지
2025-02-01 23:39:15,902 - INFO - KRW-ONG: 특별한 신호 없음, HOLD
2025-02-01 23:39:15,965 - INFO - KRW-GAS: 총 9개의 이벤트 감지
2025-02-01 23:39:15,966 - INFO - KRW-GAS: 이벤트 부족 (갯수: 9), HOLD 신호
2025-02-01 23:39:16,027 - INFO - KRW-THETA: 총 22개의 이벤트 감지
2025-02-01 23:39:16,078 - INFO - KRW-THETA: 특별한 신호 없음, HOLD
2025-02-01 23:39:16,132 - INFO - KRW-ANKR: 총 17개의 이벤트 감지
2025-02-01 23:39:16,188 - INFO - KRW-ANKR: 특별한 신호 없음, HOLD
2025-02-01 23:39:16,188 - INFO - 현재 포트폴리오 상태: {}
2025-02-01 23:40:16,269 - INFO - 상위 50개 티커 조회: ['KRW-BTC', 'KRW-ETH', 'KRW-NEO', 'KRW-MTL', 'KRW-XRP', 'KRW-ETC', 'KRW-SNT', 'KRW-WAVES', 'KRW-XEM', 'KRW-QTUM', 'KRW-LSK', 'KRW-STEEM', 'KRW-XLM', 'KRW-ARDR', 'KRW-ARK', 'KRW-STORJ', 'KRW-GRS', 'KRW-ADA', 'KRW-SBD', 'KRW-POWR', 'KRW-ICX', 'KRW-EOS', 'KRW-TRX', 'KRW-SC', 'KRW-ONT', 'KRW-ZIL', 'KRW-POLYX', 'KRW-ZRX', 'KRW-LOOM', 'KRW-BCH', 'KRW-BAT', 'KRW-IOST', 'KRW-CVC', 'KRW-IQ', 'KRW-IOTA', 'KRW-HIFI', 'KRW-ONG', 'KRW-GAS', 'KRW-BOUNTY', 'KRW-ELF', 'KRW-KNC', 'KRW-BSV', 'KRW-THETA', 'KRW-QKC', 'KRW-BTT', 'KRW-MOC', 'KRW-TFUEL', 'KRW-MANA', 'KRW-ANKR', 'KRW-AERGO']
2025-02-01 23:40:16,269 - INFO - 변동성 높은 종목 필터링 시작
2025-02-01 23:40:16,587 - INFO - KRW-NEO: 변동성 기준 통과 (ATR: 552.1428571428571, 현재가: 22430.0)
2025-02-01 23:40:17,242 - INFO - KRW-XEM: 변동성 기준 통과 (ATR: 0.7400000000000004, 현재가: 36.79)
2025-02-01 23:40:17,357 - INFO - KRW-QTUM: 변동성 기준 통과 (ATR: 337.85714285714283, 현재가: 6270.0)
2025-02-01 23:40:19,035 - INFO - KRW-ONT: 변동성 기준 통과 (ATR: 17.4, 현재가: 378.1)
2025-02-01 23:40:20,347 - INFO - KRW-ONG: 변동성 기준 통과 (ATR: 11.171428571428574, 현재가: 474.3)
2025-02-01 23:40:20,457 - INFO - KRW-GAS: 변동성 기준 통과 (ATR: 153.35714285714286, 현재가: 7408.0)
2025-02-01 23:40:20,998 - INFO - KRW-THETA: 변동성 기준 통과 (ATR: 62.0, 현재가: 2981.0)
2025-02-01 23:40:21,665 - INFO - KRW-ANKR: 변동성 기준 통과 (ATR: 0.9792857142857139, 현재가: 43.28)
2025-02-01 23:40:21,770 - INFO - 필터링 결과 - 변동성 높은 티커: ['KRW-NEO', 'KRW-XEM', 'KRW-QTUM', 'KRW-ONT', 'KRW-ONG', 'KRW-GAS', 'KRW-THETA', 'KRW-ANKR']
2025-02-01 23:40:21,771 - INFO - 포트폴리오 신규 진입 검토 시작
2025-02-01 23:40:21,823 - INFO - KRW-NEO: 총 19개의 이벤트 감지
2025-02-01 23:40:21,869 - INFO - KRW-NEO: 특별한 신호 없음, HOLD
2025-02-01 23:40:21,926 - INFO - KRW-XEM: 총 10개의 이벤트 감지
2025-02-01 23:40:21,983 - INFO - KRW-XEM: 특별한 신호 없음, HOLD
2025-02-01 23:40:22,044 - INFO - KRW-QTUM: 총 22개의 이벤트 감지
2025-02-01 23:40:22,093 - INFO - KRW-QTUM: 특별한 신호 없음, HOLD
2025-02-01 23:40:22,162 - INFO - KRW-ONT: 총 20개의 이벤트 감지
2025-02-01 23:40:22,213 - INFO - KRW-ONT: 특별한 신호 없음, HOLD
2025-02-01 23:40:22,276 - INFO - KRW-ONG: 총 10개의 이벤트 감지
2025-02-01 23:40:22,332 - INFO - KRW-ONG: 특별한 신호 없음, HOLD
2025-02-01 23:40:22,384 - INFO - KRW-GAS: 총 9개의 이벤트 감지
2025-02-01 23:40:22,384 - INFO - KRW-GAS: 이벤트 부족 (갯수: 9), HOLD 신호
2025-02-01 23:40:22,444 - INFO - KRW-THETA: 총 22개의 이벤트 감지
2025-02-01 23:40:22,492 - INFO - KRW-THETA: 특별한 신호 없음, HOLD
2025-02-01 23:40:22,546 - INFO - KRW-ANKR: 총 17개의 이벤트 감지
2025-02-01 23:40:22,599 - INFO - KRW-ANKR: 특별한 신호 없음, HOLD
2025-02-01 23:40:22,599 - INFO - 현재 포트폴리오 상태: {}
2025-02-01 23:41:22,672 - INFO - 상위 50개 티커 조회: ['KRW-BTC', 'KRW-ETH', 'KRW-NEO', 'KRW-MTL', 'KRW-XRP', 'KRW-ETC', 'KRW-SNT', 'KRW-WAVES', 'KRW-XEM', 'KRW-QTUM', 'KRW-LSK', 'KRW-STEEM', 'KRW-XLM', 'KRW-ARDR', 'KRW-ARK', 'KRW-STORJ', 'KRW-GRS', 'KRW-ADA', 'KRW-SBD', 'KRW-POWR', 'KRW-ICX', 'KRW-EOS', 'KRW-TRX', 'KRW-SC', 'KRW-ONT', 'KRW-ZIL', 'KRW-POLYX', 'KRW-ZRX', 'KRW-LOOM', 'KRW-BCH', 'KRW-BAT', 'KRW-IOST', 'KRW-CVC', 'KRW-IQ', 'KRW-IOTA', 'KRW-HIFI', 'KRW-ONG', 'KRW-GAS', 'KRW-BOUNTY', 'KRW-ELF', 'KRW-KNC', 'KRW-BSV', 'KRW-THETA', 'KRW-QKC', 'KRW-BTT', 'KRW-MOC', 'KRW-TFUEL', 'KRW-MANA', 'KRW-ANKR', 'KRW-AERGO']
2025-02-01 23:41:22,673 - INFO - 변동성 높은 종목 필터링 시작
2025-02-01 23:41:22,995 - INFO - KRW-NEO: 변동성 기준 통과 (ATR: 552.1428571428571, 현재가: 22410.0)
2025-02-01 23:41:23,681 - INFO - KRW-XEM: 변동성 기준 통과 (ATR: 0.7400000000000004, 현재가: 36.79)
2025-02-01 23:41:23,779 - INFO - KRW-QTUM: 변동성 기준 통과 (ATR: 337.85714285714283, 현재가: 6269.0)
2025-02-01 23:41:25,439 - INFO - KRW-ONT: 변동성 기준 통과 (ATR: 17.4, 현재가: 378.7)
2025-02-01 23:41:26,724 - INFO - KRW-ONG: 변동성 기준 통과 (ATR: 11.171428571428574, 현재가: 474.3)
2025-02-01 23:41:26,835 - INFO - KRW-GAS: 변동성 기준 통과 (ATR: 153.35714285714286, 현재가: 7397.0)
2025-02-01 23:41:27,365 - INFO - KRW-THETA: 변동성 기준 통과 (ATR: 62.0, 현재가: 2982.0)
2025-02-01 23:41:28,034 - INFO - KRW-ANKR: 변동성 기준 통과 (ATR: 0.9792857142857139, 현재가: 43.38)
2025-02-01 23:41:28,160 - INFO - 필터링 결과 - 변동성 높은 티커: ['KRW-NEO', 'KRW-XEM', 'KRW-QTUM', 'KRW-ONT', 'KRW-ONG', 'KRW-GAS', 'KRW-THETA', 'KRW-ANKR']
2025-02-01 23:41:28,161 - INFO - 포트폴리오 신규 진입 검토 시작
2025-02-01 23:41:28,224 - INFO - KRW-NEO: 총 19개의 이벤트 감지
2025-02-01 23:41:28,268 - INFO - KRW-NEO: 특별한 신호 없음, HOLD
2025-02-01 23:41:28,326 - INFO - KRW-XEM: 총 10개의 이벤트 감지
2025-02-01 23:41:28,373 - INFO - KRW-XEM: 특별한 신호 없음, HOLD
2025-02-01 23:41:28,438 - INFO - KRW-QTUM: 총 22개의 이벤트 감지
2025-02-01 23:41:28,486 - INFO - KRW-QTUM: 특별한 신호 없음, HOLD
2025-02-01 23:41:28,542 - INFO - KRW-ONT: 총 20개의 이벤트 감지
2025-02-01 23:41:28,601 - INFO - KRW-ONT: 특별한 신호 없음, HOLD
2025-02-01 23:41:28,656 - INFO - KRW-ONG: 총 10개의 이벤트 감지
2025-02-01 23:41:28,700 - INFO - KRW-ONG: 특별한 신호 없음, HOLD
2025-02-01 23:41:28,747 - INFO - KRW-GAS: 총 9개의 이벤트 감지
2025-02-01 23:41:28,747 - INFO - KRW-GAS: 이벤트 부족 (갯수: 9), HOLD 신호
2025-02-01 23:41:28,795 - INFO - KRW-THETA: 총 22개의 이벤트 감지
2025-02-01 23:41:28,839 - INFO - KRW-THETA: 특별한 신호 없음, HOLD
2025-02-01 23:41:28,884 - INFO - KRW-ANKR: 총 17개의 이벤트 감지
2025-02-01 23:41:28,932 - INFO - KRW-ANKR: 특별한 신호 없음, HOLD
2025-02-01 23:41:28,934 - INFO - 현재 포트폴리오 상태: {}
2025-02-01 23:42:29,005 - INFO - 상위 50개 티커 조회: ['KRW-BTC', 'KRW-ETH', 'KRW-NEO', 'KRW-MTL', 'KRW-XRP', 'KRW-ETC', 'KRW-SNT', 'KRW-WAVES', 'KRW-XEM', 'KRW-QTUM', 'KRW-LSK', 'KRW-STEEM', 'KRW-XLM', 'KRW-ARDR', 'KRW-ARK', 'KRW-STORJ', 'KRW-GRS', 'KRW-ADA', 'KRW-SBD', 'KRW-POWR', 'KRW-ICX', 'KRW-EOS', 'KRW-TRX', 'KRW-SC', 'KRW-ONT', 'KRW-ZIL', 'KRW-POLYX', 'KRW-ZRX', 'KRW-LOOM', 'KRW-BCH', 'KRW-BAT', 'KRW-IOST', 'KRW-CVC', 'KRW-IQ', 'KRW-IOTA', 'KRW-HIFI', 'KRW-ONG', 'KRW-GAS', 'KRW-BOUNTY', 'KRW-ELF', 'KRW-KNC', 'KRW-BSV', 'KRW-THETA', 'KRW-QKC', 'KRW-BTT', 'KRW-MOC', 'KRW-TFUEL', 'KRW-MANA', 'KRW-ANKR', 'KRW-AERGO']
2025-02-01 23:42:29,007 - INFO - 변동성 높은 종목 필터링 시작
2025-02-01 23:42:29,354 - INFO - KRW-NEO: 변동성 기준 통과 (ATR: 552.1428571428571, 현재가: 22350.0)
2025-02-01 23:42:30,088 - INFO - KRW-XEM: 변동성 기준 통과 (ATR: 0.7400000000000004, 현재가: 36.52)
2025-02-01 23:42:30,192 - INFO - KRW-QTUM: 변동성 기준 통과 (ATR: 337.85714285714283, 현재가: 6257.0)
2025-02-01 23:42:31,911 - INFO - KRW-ONT: 변동성 기준 통과 (ATR: 17.4, 현재가: 378.1)
2025-02-01 23:42:33,360 - INFO - KRW-ONG: 변동성 기준 통과 (ATR: 11.171428571428574, 현재가: 474.3)
2025-02-01 23:42:33,470 - INFO - KRW-GAS: 변동성 기준 통과 (ATR: 153.35714285714286, 현재가: 7392.0)
2025-02-01 23:42:34,029 - INFO - KRW-THETA: 변동성 기준 통과 (ATR: 62.0, 현재가: 2982.0)
2025-02-01 23:42:34,867 - INFO - KRW-ANKR: 변동성 기준 통과 (ATR: 0.9792857142857139, 현재가: 43.38)
2025-02-01 23:42:35,006 - INFO - 필터링 결과 - 변동성 높은 티커: ['KRW-NEO', 'KRW-XEM', 'KRW-QTUM', 'KRW-ONT', 'KRW-ONG', 'KRW-GAS', 'KRW-THETA', 'KRW-ANKR']
2025-02-01 23:42:35,006 - INFO - 포트폴리오 신규 진입 검토 시작
2025-02-01 23:42:35,074 - INFO - KRW-NEO: 총 19개의 이벤트 감지
2025-02-01 23:42:35,131 - INFO - KRW-NEO: 특별한 신호 없음, HOLD
2025-02-01 23:42:35,188 - INFO - KRW-XEM: 총 10개의 이벤트 감지
2025-02-01 23:42:35,237 - INFO - KRW-XEM: 특별한 신호 없음, HOLD
2025-02-01 23:42:35,317 - INFO - KRW-QTUM: 총 22개의 이벤트 감지
2025-02-01 23:42:35,366 - INFO - KRW-QTUM: 특별한 신호 없음, HOLD
2025-02-01 23:42:35,428 - INFO - KRW-ONT: 총 20개의 이벤트 감지
2025-02-01 23:42:35,487 - INFO - KRW-ONT: 특별한 신호 없음, HOLD
2025-02-01 23:42:35,548 - INFO - KRW-ONG: 총 10개의 이벤트 감지
2025-02-01 23:42:35,618 - INFO - KRW-ONG: 특별한 신호 없음, HOLD
2025-02-01 23:42:35,690 - INFO - KRW-GAS: 총 9개의 이벤트 감지
2025-02-01 23:42:35,690 - INFO - KRW-GAS: 이벤트 부족 (갯수: 9), HOLD 신호
2025-02-01 23:42:35,754 - INFO - KRW-THETA: 총 22개의 이벤트 감지
2025-02-01 23:42:35,822 - INFO - KRW-THETA: 특별한 신호 없음, HOLD
2025-02-01 23:42:35,881 - INFO - KRW-ANKR: 총 17개의 이벤트 감지
2025-02-01 23:42:35,937 - INFO - KRW-ANKR: 특별한 신호 없음, HOLD
2025-02-01 23:42:35,937 - INFO - 현재 포트폴리오 상태: {}
2025-02-01 23:43:36,013 - INFO - 상위 50개 티커 조회: ['KRW-BTC', 'KRW-ETH', 'KRW-NEO', 'KRW-MTL', 'KRW-XRP', 'KRW-ETC', 'KRW-SNT', 'KRW-WAVES', 'KRW-XEM', 'KRW-QTUM', 'KRW-LSK', 'KRW-STEEM', 'KRW-XLM', 'KRW-ARDR', 'KRW-ARK', 'KRW-STORJ', 'KRW-GRS', 'KRW-ADA', 'KRW-SBD', 'KRW-POWR', 'KRW-ICX', 'KRW-EOS', 'KRW-TRX', 'KRW-SC', 'KRW-ONT', 'KRW-ZIL', 'KRW-POLYX', 'KRW-ZRX', 'KRW-LOOM', 'KRW-BCH', 'KRW-BAT', 'KRW-IOST', 'KRW-CVC', 'KRW-IQ', 'KRW-IOTA', 'KRW-HIFI', 'KRW-ONG', 'KRW-GAS', 'KRW-BOUNTY', 'KRW-ELF', 'KRW-KNC', 'KRW-BSV', 'KRW-THETA', 'KRW-QKC', 'KRW-BTT', 'KRW-MOC', 'KRW-TFUEL', 'KRW-MANA', 'KRW-ANKR', 'KRW-AERGO']
2025-02-01 23:43:36,014 - INFO - 변동성 높은 종목 필터링 시작
2025-02-01 23:43:36,384 - INFO - KRW-NEO: 변동성 기준 통과 (ATR: 552.1428571428571, 현재가: 22340.0)
2025-02-01 23:43:37,075 - INFO - KRW-XEM: 변동성 기준 통과 (ATR: 0.7400000000000004, 현재가: 36.46)
2025-02-01 23:43:37,174 - INFO - KRW-QTUM: 변동성 기준 통과 (ATR: 337.85714285714283, 현재가: 6249.0)
2025-02-01 23:43:38,934 - INFO - KRW-ONT: 변동성 기준 통과 (ATR: 17.4, 현재가: 376.1)
2025-02-01 23:43:40,369 - INFO - KRW-ONG: 변동성 기준 통과 (ATR: 11.171428571428574, 현재가: 473.5)
2025-02-01 23:43:40,480 - INFO - KRW-GAS: 변동성 기준 통과 (ATR: 153.35714285714286, 현재가: 7381.0)
2025-02-01 23:43:41,024 - INFO - KRW-THETA: 변동성 기준 통과 (ATR: 62.0, 현재가: 2983.0)
2025-02-01 23:43:41,741 - INFO - KRW-ANKR: 변동성 기준 통과 (ATR: 0.9792857142857139, 현재가: 43.37)
2025-02-01 23:43:41,839 - INFO - 필터링 결과 - 변동성 높은 티커: ['KRW-NEO', 'KRW-XEM', 'KRW-QTUM', 'KRW-ONT', 'KRW-ONG', 'KRW-GAS', 'KRW-THETA', 'KRW-ANKR']
2025-02-01 23:43:41,840 - INFO - 포트폴리오 신규 진입 검토 시작
2025-02-01 23:43:41,929 - INFO - KRW-NEO: 총 19개의 이벤트 감지
2025-02-01 23:43:41,982 - INFO - KRW-NEO: 특별한 신호 없음, HOLD
2025-02-01 23:43:42,077 - INFO - KRW-XEM: 총 10개의 이벤트 감지
2025-02-01 23:43:42,133 - INFO - KRW-XEM: 특별한 신호 없음, HOLD
2025-02-01 23:43:42,201 - INFO - KRW-QTUM: 총 22개의 이벤트 감지
2025-02-01 23:43:42,257 - INFO - KRW-QTUM: 특별한 신호 없음, HOLD
2025-02-01 23:43:42,317 - INFO - KRW-ONT: 총 20개의 이벤트 감지
2025-02-01 23:43:42,368 - INFO - KRW-ONT: 특별한 신호 없음, HOLD
2025-02-01 23:43:42,421 - INFO - KRW-ONG: 총 10개의 이벤트 감지
2025-02-01 23:43:42,475 - INFO - KRW-ONG: 특별한 신호 없음, HOLD
2025-02-01 23:43:42,535 - INFO - KRW-GAS: 총 9개의 이벤트 감지
2025-02-01 23:43:42,535 - INFO - KRW-GAS: 이벤트 부족 (갯수: 9), HOLD 신호
2025-02-01 23:43:42,600 - INFO - KRW-THETA: 총 22개의 이벤트 감지
2025-02-01 23:43:42,645 - INFO - KRW-THETA: 특별한 신호 없음, HOLD
2025-02-01 23:43:42,704 - INFO - KRW-ANKR: 총 17개의 이벤트 감지
2025-02-01 23:43:42,759 - INFO - KRW-ANKR: 특별한 신호 없음, HOLD
2025-02-01 23:43:42,760 - INFO - 현재 포트폴리오 상태: {}
2025-02-01 23:44:42,825 - INFO - 상위 50개 티커 조회: ['KRW-BTC', 'KRW-ETH', 'KRW-NEO', 'KRW-MTL', 'KRW-XRP', 'KRW-ETC', 'KRW-SNT', 'KRW-WAVES', 'KRW-XEM', 'KRW-QTUM', 'KRW-LSK', 'KRW-STEEM', 'KRW-XLM', 'KRW-ARDR', 'KRW-ARK', 'KRW-STORJ', 'KRW-GRS', 'KRW-ADA', 'KRW-SBD', 'KRW-POWR', 'KRW-ICX', 'KRW-EOS', 'KRW-TRX', 'KRW-SC', 'KRW-ONT', 'KRW-ZIL', 'KRW-POLYX', 'KRW-ZRX', 'KRW-LOOM', 'KRW-BCH', 'KRW-BAT', 'KRW-IOST', 'KRW-CVC', 'KRW-IQ', 'KRW-IOTA', 'KRW-HIFI', 'KRW-ONG', 'KRW-GAS', 'KRW-BOUNTY', 'KRW-ELF', 'KRW-KNC', 'KRW-BSV', 'KRW-THETA', 'KRW-QKC', 'KRW-BTT', 'KRW-MOC', 'KRW-TFUEL', 'KRW-MANA', 'KRW-ANKR', 'KRW-AERGO']
2025-02-01 23:44:42,825 - INFO - 변동성 높은 종목 필터링 시작
2025-02-01 23:44:43,134 - INFO - KRW-NEO: 변동성 기준 통과 (ATR: 557.1428571428571, 현재가: 22260.0)
2025-02-01 23:44:43,785 - INFO - KRW-XEM: 변동성 기준 통과 (ATR: 0.7400000000000004, 현재가: 36.52)
2025-02-01 23:44:43,889 - INFO - KRW-QTUM: 변동성 기준 통과 (ATR: 337.85714285714283, 현재가: 6242.0)
2025-02-01 23:44:45,571 - INFO - KRW-ONT: 변동성 기준 통과 (ATR: 17.4, 현재가: 376.4)
2025-02-01 23:44:46,903 - INFO - KRW-ONG: 변동성 기준 통과 (ATR: 11.171428571428574, 현재가: 472.4)
2025-02-01 23:44:47,008 - INFO - KRW-GAS: 변동성 기준 통과 (ATR: 153.35714285714286, 현재가: 7365.0)
2025-02-01 23:44:47,599 - INFO - KRW-THETA: 변동성 기준 통과 (ATR: 62.0, 현재가: 2983.0)
2025-02-01 23:44:48,354 - INFO - KRW-ANKR: 변동성 기준 통과 (ATR: 0.9792857142857139, 현재가: 43.22)
2025-02-01 23:44:48,464 - INFO - 필터링 결과 - 변동성 높은 티커: ['KRW-NEO', 'KRW-XEM', 'KRW-QTUM', 'KRW-ONT', 'KRW-ONG', 'KRW-GAS', 'KRW-THETA', 'KRW-ANKR']
2025-02-01 23:44:48,464 - INFO - 포트폴리오 신규 진입 검토 시작
2025-02-01 23:44:48,524 - INFO - KRW-NEO: 총 19개의 이벤트 감지
2025-02-01 23:44:48,576 - INFO - KRW-NEO: 특별한 신호 없음, HOLD
2025-02-01 23:44:48,632 - INFO - KRW-XEM: 총 10개의 이벤트 감지
2025-02-01 23:44:48,690 - INFO - KRW-XEM: 특별한 신호 없음, HOLD
2025-02-01 23:44:48,751 - INFO - KRW-QTUM: 총 22개의 이벤트 감지
2025-02-01 23:44:48,802 - INFO - KRW-QTUM: 특별한 신호 없음, HOLD
2025-02-01 23:44:48,863 - INFO - KRW-ONT: 총 20개의 이벤트 감지
2025-02-01 23:44:48,921 - INFO - KRW-ONT: 특별한 신호 없음, HOLD
2025-02-01 23:44:48,979 - INFO - KRW-ONG: 총 10개의 이벤트 감지
2025-02-01 23:44:49,025 - INFO - KRW-ONG: 특별한 신호 없음, HOLD
2025-02-01 23:44:49,084 - INFO - KRW-GAS: 총 9개의 이벤트 감지
2025-02-01 23:44:49,084 - INFO - KRW-GAS: 이벤트 부족 (갯수: 9), HOLD 신호
2025-02-01 23:44:49,143 - INFO - KRW-THETA: 총 22개의 이벤트 감지
2025-02-01 23:44:49,188 - INFO - KRW-THETA: 특별한 신호 없음, HOLD
2025-02-01 23:44:49,249 - INFO - KRW-ANKR: 총 17개의 이벤트 감지
2025-02-01 23:44:49,300 - INFO - KRW-ANKR: 특별한 신호 없음, HOLD
2025-02-01 23:44:49,300 - INFO - 현재 포트폴리오 상태: {}
2025-02-01 23:45:49,368 - INFO - 상위 50개 티커 조회: ['KRW-BTC', 'KRW-ETH', 'KRW-NEO', 'KRW-MTL', 'KRW-XRP', 'KRW-ETC', 'KRW-SNT', 'KRW-WAVES', 'KRW-XEM', 'KRW-QTUM', 'KRW-LSK', 'KRW-STEEM', 'KRW-XLM', 'KRW-ARDR', 'KRW-ARK', 'KRW-STORJ', 'KRW-GRS', 'KRW-ADA', 'KRW-SBD', 'KRW-POWR', 'KRW-ICX', 'KRW-EOS', 'KRW-TRX', 'KRW-SC', 'KRW-ONT', 'KRW-ZIL', 'KRW-POLYX', 'KRW-ZRX', 'KRW-LOOM', 'KRW-BCH', 'KRW-BAT', 'KRW-IOST', 'KRW-CVC', 'KRW-IQ', 'KRW-IOTA', 'KRW-HIFI', 'KRW-ONG', 'KRW-GAS', 'KRW-BOUNTY', 'KRW-ELF', 'KRW-KNC', 'KRW-BSV', 'KRW-THETA', 'KRW-QKC', 'KRW-BTT', 'KRW-MOC', 'KRW-TFUEL', 'KRW-MANA', 'KRW-ANKR', 'KRW-AERGO']
2025-02-01 23:45:49,368 - INFO - 변동성 높은 종목 필터링 시작
2025-02-01 23:45:49,689 - INFO - KRW-NEO: 변동성 기준 통과 (ATR: 557.8571428571429, 현재가: 22260.0)
2025-02-01 23:45:50,354 - INFO - KRW-XEM: 변동성 기준 통과 (ATR: 0.7400000000000004, 현재가: 36.64)
2025-02-01 23:45:50,455 - INFO - KRW-QTUM: 변동성 기준 통과 (ATR: 337.85714285714283, 현재가: 6237.0)
2025-02-01 23:45:53,167 - INFO - KRW-ONT: 변동성 기준 통과 (ATR: 17.4, 현재가: 377.1)
2025-02-01 23:45:54,596 - INFO - KRW-ONG: 변동성 기준 통과 (ATR: 11.171428571428574, 현재가: 472.4)
2025-02-01 23:45:54,721 - INFO - KRW-GAS: 변동성 기준 통과 (ATR: 153.78571428571428, 현재가: 7357.0)
2025-02-01 23:45:55,315 - INFO - KRW-THETA: 변동성 기준 통과 (ATR: 62.0, 현재가: 2978.0)
2025-02-01 23:45:55,976 - INFO - KRW-ANKR: 변동성 기준 통과 (ATR: 0.9792857142857139, 현재가: 43.13)
2025-02-01 23:45:56,090 - INFO - 필터링 결과 - 변동성 높은 티커: ['KRW-NEO', 'KRW-XEM', 'KRW-QTUM', 'KRW-ONT', 'KRW-ONG', 'KRW-GAS', 'KRW-THETA', 'KRW-ANKR']
2025-02-01 23:45:56,090 - INFO - 포트폴리오 신규 진입 검토 시작
2025-02-01 23:45:56,148 - INFO - KRW-NEO: 총 19개의 이벤트 감지
2025-02-01 23:45:56,203 - INFO - KRW-NEO: 특별한 신호 없음, HOLD
2025-02-01 23:45:56,270 - INFO - KRW-XEM: 총 10개의 이벤트 감지
2025-02-01 23:45:56,334 - INFO - KRW-XEM: 특별한 신호 없음, HOLD
2025-02-01 23:45:56,392 - INFO - KRW-QTUM: 총 22개의 이벤트 감지
2025-02-01 23:45:56,454 - INFO - KRW-QTUM: 특별한 신호 없음, HOLD
2025-02-01 23:45:56,517 - INFO - KRW-ONT: 총 20개의 이벤트 감지
2025-02-01 23:45:56,571 - INFO - KRW-ONT: 특별한 신호 없음, HOLD
2025-02-01 23:45:56,636 - INFO - KRW-ONG: 총 10개의 이벤트 감지
2025-02-01 23:45:56,693 - INFO - KRW-ONG: 특별한 신호 없음, HOLD
2025-02-01 23:45:56,753 - INFO - KRW-GAS: 총 9개의 이벤트 감지
2025-02-01 23:45:56,753 - INFO - KRW-GAS: 이벤트 부족 (갯수: 9), HOLD 신호
2025-02-01 23:45:56,814 - INFO - KRW-THETA: 총 22개의 이벤트 감지
2025-02-01 23:45:56,889 - INFO - KRW-THETA: 특별한 신호 없음, HOLD
2025-02-01 23:45:56,945 - INFO - KRW-ANKR: 총 17개의 이벤트 감지
2025-02-01 23:45:57,003 - INFO - KRW-ANKR: 특별한 신호 없음, HOLD
2025-02-01 23:45:57,004 - INFO - 현재 포트폴리오 상태: {}
2025-02-01 23:46:57,076 - INFO - 상위 50개 티커 조회: ['KRW-BTC', 'KRW-ETH', 'KRW-NEO', 'KRW-MTL', 'KRW-XRP', 'KRW-ETC', 'KRW-SNT', 'KRW-WAVES', 'KRW-XEM', 'KRW-QTUM', 'KRW-LSK', 'KRW-STEEM', 'KRW-XLM', 'KRW-ARDR', 'KRW-ARK', 'KRW-STORJ', 'KRW-GRS', 'KRW-ADA', 'KRW-SBD', 'KRW-POWR', 'KRW-ICX', 'KRW-EOS', 'KRW-TRX', 'KRW-SC', 'KRW-ONT', 'KRW-ZIL', 'KRW-POLYX', 'KRW-ZRX', 'KRW-LOOM', 'KRW-BCH', 'KRW-BAT', 'KRW-IOST', 'KRW-CVC', 'KRW-IQ', 'KRW-IOTA', 'KRW-HIFI', 'KRW-ONG', 'KRW-GAS', 'KRW-BOUNTY', 'KRW-ELF', 'KRW-KNC', 'KRW-BSV', 'KRW-THETA', 'KRW-QKC', 'KRW-BTT', 'KRW-MOC', 'KRW-TFUEL', 'KRW-MANA', 'KRW-ANKR', 'KRW-AERGO']
2025-02-01 23:46:57,077 - INFO - 변동성 높은 종목 필터링 시작
2025-02-01 23:46:57,386 - INFO - KRW-NEO: 변동성 기준 통과 (ATR: 563.5714285714286, 현재가: 22160.0)
2025-02-01 23:46:58,019 - INFO - KRW-XEM: 변동성 기준 통과 (ATR: 0.7400000000000004, 현재가: 36.67)
2025-02-01 23:46:58,127 - INFO - KRW-QTUM: 변동성 기준 통과 (ATR: 337.85714285714283, 현재가: 6208.0)
2025-02-01 23:46:59,778 - INFO - KRW-ONT: 변동성 기준 통과 (ATR: 17.4, 현재가: 376.7)
2025-02-01 23:47:01,115 - INFO - KRW-ONG: 변동성 기준 통과 (ATR: 11.171428571428574, 현재가: 472.4)
2025-02-01 23:47:01,228 - INFO - KRW-GAS: 변동성 기준 통과 (ATR: 154.35714285714286, 현재가: 7351.0)
2025-02-01 23:47:01,754 - INFO - KRW-THETA: 변동성 기준 통과 (ATR: 62.0, 현재가: 2973.0)
2025-02-01 23:47:02,425 - INFO - KRW-ANKR: 변동성 기준 통과 (ATR: 0.9799999999999994, 현재가: 42.99)
2025-02-01 23:47:02,539 - INFO - 필터링 결과 - 변동성 높은 티커: ['KRW-NEO', 'KRW-XEM', 'KRW-QTUM', 'KRW-ONT', 'KRW-ONG', 'KRW-GAS', 'KRW-THETA', 'KRW-ANKR']
2025-02-01 23:47:02,540 - INFO - 포트폴리오 신규 진입 검토 시작
2025-02-01 23:47:02,610 - INFO - KRW-NEO: 총 19개의 이벤트 감지
2025-02-01 23:47:02,665 - INFO - KRW-NEO: 특별한 신호 없음, HOLD
2025-02-01 23:47:02,723 - INFO - KRW-XEM: 총 10개의 이벤트 감지
2025-02-01 23:47:02,783 - INFO - KRW-XEM: 특별한 신호 없음, HOLD
2025-02-01 23:47:02,848 - INFO - KRW-QTUM: 총 22개의 이벤트 감지
2025-02-01 23:47:02,902 - INFO - KRW-QTUM: 특별한 신호 없음, HOLD
2025-02-01 23:47:02,971 - INFO - KRW-ONT: 총 20개의 이벤트 감지
2025-02-01 23:47:03,015 - INFO - KRW-ONT: 특별한 신호 없음, HOLD
2025-02-01 23:47:03,069 - INFO - KRW-ONG: 총 10개의 이벤트 감지
2025-02-01 23:47:03,113 - INFO - KRW-ONG: 특별한 신호 없음, HOLD
2025-02-01 23:47:03,159 - INFO - KRW-GAS: 총 9개의 이벤트 감지
2025-02-01 23:47:03,159 - INFO - KRW-GAS: 이벤트 부족 (갯수: 9), HOLD 신호
2025-02-01 23:47:03,212 - INFO - KRW-THETA: 총 22개의 이벤트 감지
2025-02-01 23:47:03,262 - INFO - KRW-THETA: 특별한 신호 없음, HOLD
2025-02-01 23:47:03,324 - INFO - KRW-ANKR: 총 17개의 이벤트 감지
2025-02-01 23:47:03,367 - INFO - KRW-ANKR: 특별한 신호 없음, HOLD
2025-02-01 23:47:03,367 - INFO - 현재 포트폴리오 상태: {}
2025-02-01 23:48:03,426 - INFO - 상위 50개 티커 조회: ['KRW-BTC', 'KRW-ETH', 'KRW-NEO', 'KRW-MTL', 'KRW-XRP', 'KRW-ETC', 'KRW-SNT', 'KRW-WAVES', 'KRW-XEM', 'KRW-QTUM', 'KRW-LSK', 'KRW-STEEM', 'KRW-XLM', 'KRW-ARDR', 'KRW-ARK', 'KRW-STORJ', 'KRW-GRS', 'KRW-ADA', 'KRW-SBD', 'KRW-POWR', 'KRW-ICX', 'KRW-EOS', 'KRW-TRX', 'KRW-SC', 'KRW-ONT', 'KRW-ZIL', 'KRW-POLYX', 'KRW-ZRX', 'KRW-LOOM', 'KRW-BCH', 'KRW-BAT', 'KRW-IOST', 'KRW-CVC', 'KRW-IQ', 'KRW-IOTA', 'KRW-HIFI', 'KRW-ONG', 'KRW-GAS', 'KRW-BOUNTY', 'KRW-ELF', 'KRW-KNC', 'KRW-BSV', 'KRW-THETA', 'KRW-QKC', 'KRW-BTT', 'KRW-MOC', 'KRW-TFUEL', 'KRW-MANA', 'KRW-ANKR', 'KRW-AERGO']
2025-02-01 23:48:03,428 - INFO - 변동성 높은 종목 필터링 시작
2025-02-01 23:48:03,769 - INFO - KRW-NEO: 변동성 기준 통과 (ATR: 563.5714285714286, 현재가: 22180.0)
2025-02-01 23:48:04,403 - INFO - KRW-XEM: 변동성 기준 통과 (ATR: 0.7400000000000004, 현재가: 36.52)
2025-02-01 23:48:04,499 - INFO - KRW-QTUM: 변동성 기준 통과 (ATR: 337.85714285714283, 현재가: 6243.0)
2025-02-01 23:48:06,110 - INFO - KRW-ONT: 변동성 기준 통과 (ATR: 17.4, 현재가: 375.8)
2025-02-01 23:48:07,414 - INFO - KRW-ONG: 변동성 기준 통과 (ATR: 11.171428571428574, 현재가: 472.0)
2025-02-01 23:48:07,535 - INFO - KRW-GAS: 변동성 기준 통과 (ATR: 154.64285714285714, 현재가: 7345.0)
2025-02-01 23:48:08,095 - INFO - KRW-THETA: 변동성 기준 통과 (ATR: 62.0, 현재가: 2970.0)
2025-02-01 23:48:08,742 - INFO - KRW-ANKR: 변동성 기준 통과 (ATR: 0.9849999999999994, 현재가: 42.98)
2025-02-01 23:48:08,842 - INFO - 필터링 결과 - 변동성 높은 티커: ['KRW-NEO', 'KRW-XEM', 'KRW-QTUM', 'KRW-ONT', 'KRW-ONG', 'KRW-GAS', 'KRW-THETA', 'KRW-ANKR']
2025-02-01 23:48:08,842 - INFO - 포트폴리오 신규 진입 검토 시작
2025-02-01 23:48:08,904 - INFO - KRW-NEO: 총 19개의 이벤트 감지
2025-02-01 23:48:08,960 - INFO - KRW-NEO: 특별한 신호 없음, HOLD
2025-02-01 23:48:09,020 - INFO - KRW-XEM: 총 10개의 이벤트 감지
2025-02-01 23:48:09,065 - INFO - KRW-XEM: 특별한 신호 없음, HOLD
2025-02-01 23:48:09,131 - INFO - KRW-QTUM: 총 22개의 이벤트 감지
2025-02-01 23:48:09,177 - INFO - KRW-QTUM: 특별한 신호 없음, HOLD
2025-02-01 23:48:09,234 - INFO - KRW-ONT: 총 20개의 이벤트 감지
2025-02-01 23:48:09,283 - INFO - KRW-ONT: 특별한 신호 없음, HOLD
2025-02-01 23:48:09,343 - INFO - KRW-ONG: 총 10개의 이벤트 감지
2025-02-01 23:48:09,400 - INFO - KRW-ONG: 특별한 신호 없음, HOLD
2025-02-01 23:48:09,459 - INFO - KRW-GAS: 총 9개의 이벤트 감지
2025-02-01 23:48:09,459 - INFO - KRW-GAS: 이벤트 부족 (갯수: 9), HOLD 신호
2025-02-01 23:48:09,512 - INFO - KRW-THETA: 총 22개의 이벤트 감지
2025-02-01 23:48:09,570 - INFO - KRW-THETA: 특별한 신호 없음, HOLD
2025-02-01 23:48:09,622 - INFO - KRW-ANKR: 총 17개의 이벤트 감지
2025-02-01 23:48:09,666 - INFO - KRW-ANKR: 특별한 신호 없음, HOLD
2025-02-01 23:48:09,666 - INFO - 현재 포트폴리오 상태: {}
2025-02-01 23:49:09,740 - INFO - 상위 50개 티커 조회: ['KRW-BTC', 'KRW-ETH', 'KRW-NEO', 'KRW-MTL', 'KRW-XRP', 'KRW-ETC', 'KRW-SNT', 'KRW-WAVES', 'KRW-XEM', 'KRW-QTUM', 'KRW-LSK', 'KRW-STEEM', 'KRW-XLM', 'KRW-ARDR', 'KRW-ARK', 'KRW-STORJ', 'KRW-GRS', 'KRW-ADA', 'KRW-SBD', 'KRW-POWR', 'KRW-ICX', 'KRW-EOS', 'KRW-TRX', 'KRW-SC', 'KRW-ONT', 'KRW-ZIL', 'KRW-POLYX', 'KRW-ZRX', 'KRW-LOOM', 'KRW-BCH', 'KRW-BAT', 'KRW-IOST', 'KRW-CVC', 'KRW-IQ', 'KRW-IOTA', 'KRW-HIFI', 'KRW-ONG', 'KRW-GAS', 'KRW-BOUNTY', 'KRW-ELF', 'KRW-KNC', 'KRW-BSV', 'KRW-THETA', 'KRW-QKC', 'KRW-BTT', 'KRW-MOC', 'KRW-TFUEL', 'KRW-MANA', 'KRW-ANKR', 'KRW-AERGO']
2025-02-01 23:49:09,740 - INFO - 변동성 높은 종목 필터링 시작
2025-02-01 23:49:10,033 - INFO - KRW-NEO: 변동성 기준 통과 (ATR: 564.2857142857143, 현재가: 22190.0)
2025-02-01 23:49:10,674 - INFO - KRW-XEM: 변동성 기준 통과 (ATR: 0.7400000000000004, 현재가: 36.59)
2025-02-01 23:49:10,778 - INFO - KRW-QTUM: 변동성 기준 통과 (ATR: 337.85714285714283, 현재가: 6224.0)
2025-02-01 23:49:12,471 - INFO - KRW-ONT: 변동성 기준 통과 (ATR: 17.4, 현재가: 376.1)
2025-02-01 23:49:13,806 - INFO - KRW-ONG: 변동성 기준 통과 (ATR: 11.171428571428574, 현재가: 470.5)
2025-02-01 23:49:13,929 - INFO - KRW-GAS: 변동성 기준 통과 (ATR: 154.64285714285714, 현재가: 7345.0)
2025-02-01 23:49:14,528 - INFO - KRW-THETA: 변동성 기준 통과 (ATR: 62.0, 현재가: 2968.0)
2025-02-01 23:49:15,152 - INFO - KRW-ANKR: 변동성 기준 통과 (ATR: 0.9849999999999994, 현재가: 43.09)
2025-02-01 23:49:15,253 - INFO - 필터링 결과 - 변동성 높은 티커: ['KRW-NEO', 'KRW-XEM', 'KRW-QTUM', 'KRW-ONT', 'KRW-ONG', 'KRW-GAS', 'KRW-THETA', 'KRW-ANKR']
2025-02-01 23:49:15,254 - INFO - 포트폴리오 신규 진입 검토 시작
2025-02-01 23:49:15,312 - INFO - KRW-NEO: 총 19개의 이벤트 감지
2025-02-01 23:49:15,354 - INFO - KRW-NEO: 특별한 신호 없음, HOLD
2025-02-01 23:49:15,410 - INFO - KRW-XEM: 총 10개의 이벤트 감지
2025-02-01 23:49:15,466 - INFO - KRW-XEM: 특별한 신호 없음, HOLD
2025-02-01 23:49:15,523 - INFO - KRW-QTUM: 총 22개의 이벤트 감지
2025-02-01 23:49:15,575 - INFO - KRW-QTUM: 특별한 신호 없음, HOLD
2025-02-01 23:49:15,634 - INFO - KRW-ONT: 총 20개의 이벤트 감지
2025-02-01 23:49:15,691 - INFO - KRW-ONT: 특별한 신호 없음, HOLD
2025-02-01 23:49:15,749 - INFO - KRW-ONG: 총 10개의 이벤트 감지
2025-02-01 23:49:15,796 - INFO - KRW-ONG: 특별한 신호 없음, HOLD
2025-02-01 23:49:15,855 - INFO - KRW-GAS: 총 9개의 이벤트 감지
2025-02-01 23:49:15,855 - INFO - KRW-GAS: 이벤트 부족 (갯수: 9), HOLD 신호
2025-02-01 23:49:15,916 - INFO - KRW-THETA: 총 22개의 이벤트 감지
2025-02-01 23:49:15,959 - INFO - KRW-THETA: 특별한 신호 없음, HOLD
2025-02-01 23:49:16,016 - INFO - KRW-ANKR: 총 17개의 이벤트 감지
2025-02-01 23:49:16,067 - INFO - KRW-ANKR: 특별한 신호 없음, HOLD
2025-02-01 23:49:16,068 - INFO - 현재 포트폴리오 상태: {}
2025-02-01 23:50:16,149 - INFO - 상위 50개 티커 조회: ['KRW-BTC', 'KRW-ETH', 'KRW-NEO', 'KRW-MTL', 'KRW-XRP', 'KRW-ETC', 'KRW-SNT', 'KRW-WAVES', 'KRW-XEM', 'KRW-QTUM', 'KRW-LSK', 'KRW-STEEM', 'KRW-XLM', 'KRW-ARDR', 'KRW-ARK', 'KRW-STORJ', 'KRW-GRS', 'KRW-ADA', 'KRW-SBD', 'KRW-POWR', 'KRW-ICX', 'KRW-EOS', 'KRW-TRX', 'KRW-SC', 'KRW-ONT', 'KRW-ZIL', 'KRW-POLYX', 'KRW-ZRX', 'KRW-LOOM', 'KRW-BCH', 'KRW-BAT', 'KRW-IOST', 'KRW-CVC', 'KRW-IQ', 'KRW-IOTA', 'KRW-HIFI', 'KRW-ONG', 'KRW-GAS', 'KRW-BOUNTY', 'KRW-ELF', 'KRW-KNC', 'KRW-BSV', 'KRW-THETA', 'KRW-QKC', 'KRW-BTT', 'KRW-MOC', 'KRW-TFUEL', 'KRW-MANA', 'KRW-ANKR', 'KRW-AERGO']
2025-02-01 23:50:16,150 - INFO - 변동성 높은 종목 필터링 시작
2025-02-01 23:50:16,498 - INFO - KRW-NEO: 변동성 기준 통과 (ATR: 566.4285714285714, 현재가: 22170.0)
2025-02-01 23:50:17,161 - INFO - KRW-XEM: 변동성 기준 통과 (ATR: 0.7400000000000004, 현재가: 36.51)
2025-02-01 23:50:17,254 - INFO - KRW-QTUM: 변동성 기준 통과 (ATR: 337.85714285714283, 현재가: 6214.0)
2025-02-01 23:50:18,847 - INFO - KRW-ONT: 변동성 기준 통과 (ATR: 17.4, 현재가: 374.6)
2025-02-01 23:50:20,363 - INFO - KRW-ONG: 변동성 기준 통과 (ATR: 11.171428571428574, 현재가: 471.9)
2025-02-01 23:50:20,467 - INFO - KRW-GAS: 변동성 기준 통과 (ATR: 154.71428571428572, 현재가: 7344.0)
2025-02-01 23:50:21,026 - INFO - KRW-THETA: 변동성 기준 통과 (ATR: 62.0, 현재가: 2973.0)
2025-02-01 23:50:21,708 - INFO - KRW-ANKR: 변동성 기준 통과 (ATR: 0.9849999999999994, 현재가: 43.12)
2025-02-01 23:50:21,823 - INFO - 필터링 결과 - 변동성 높은 티커: ['KRW-NEO', 'KRW-XEM', 'KRW-QTUM', 'KRW-ONT', 'KRW-ONG', 'KRW-GAS', 'KRW-THETA', 'KRW-ANKR']
2025-02-01 23:50:21,823 - INFO - 포트폴리오 신규 진입 검토 시작
2025-02-01 23:50:21,880 - INFO - KRW-NEO: 총 19개의 이벤트 감지
2025-02-01 23:50:21,938 - INFO - KRW-NEO: 특별한 신호 없음, HOLD
2025-02-01 23:50:22,012 - INFO - KRW-XEM: 총 10개의 이벤트 감지
2025-02-01 23:50:22,059 - INFO - KRW-XEM: 특별한 신호 없음, HOLD
2025-02-01 23:50:22,115 - INFO - KRW-QTUM: 총 22개의 이벤트 감지
2025-02-01 23:50:22,164 - INFO - KRW-QTUM: 특별한 신호 없음, HOLD
2025-02-01 23:50:22,216 - INFO - KRW-ONT: 총 20개의 이벤트 감지
2025-02-01 23:50:22,260 - INFO - KRW-ONT: 특별한 신호 없음, HOLD
2025-02-01 23:50:22,316 - INFO - KRW-ONG: 총 10개의 이벤트 감지
2025-02-01 23:50:22,359 - INFO - KRW-ONG: 특별한 신호 없음, HOLD
2025-02-01 23:50:22,410 - INFO - KRW-GAS: 총 9개의 이벤트 감지
2025-02-01 23:50:22,410 - INFO - KRW-GAS: 이벤트 부족 (갯수: 9), HOLD 신호
2025-02-01 23:50:22,477 - INFO - KRW-THETA: 총 22개의 이벤트 감지
2025-02-01 23:50:22,527 - INFO - KRW-THETA: 특별한 신호 없음, HOLD
2025-02-01 23:50:22,585 - INFO - KRW-ANKR: 총 17개의 이벤트 감지
2025-02-01 23:50:22,635 - INFO - KRW-ANKR: 특별한 신호 없음, HOLD
2025-02-01 23:50:22,635 - INFO - 현재 포트폴리오 상태: {}
2025-02-01 23:51:22,702 - INFO - 상위 50개 티커 조회: ['KRW-BTC', 'KRW-ETH', 'KRW-NEO', 'KRW-MTL', 'KRW-XRP', 'KRW-ETC', 'KRW-SNT', 'KRW-WAVES', 'KRW-XEM', 'KRW-QTUM', 'KRW-LSK', 'KRW-STEEM', 'KRW-XLM', 'KRW-ARDR', 'KRW-ARK', 'KRW-STORJ', 'KRW-GRS', 'KRW-ADA', 'KRW-SBD', 'KRW-POWR', 'KRW-ICX', 'KRW-EOS', 'KRW-TRX', 'KRW-SC', 'KRW-ONT', 'KRW-ZIL', 'KRW-POLYX', 'KRW-ZRX', 'KRW-LOOM', 'KRW-BCH', 'KRW-BAT', 'KRW-IOST', 'KRW-CVC', 'KRW-IQ', 'KRW-IOTA', 'KRW-HIFI', 'KRW-ONG', 'KRW-GAS', 'KRW-BOUNTY', 'KRW-ELF', 'KRW-KNC', 'KRW-BSV', 'KRW-THETA', 'KRW-QKC', 'KRW-BTT', 'KRW-MOC', 'KRW-TFUEL', 'KRW-MANA', 'KRW-ANKR', 'KRW-AERGO']
2025-02-01 23:51:22,704 - INFO - 변동성 높은 종목 필터링 시작
2025-02-01 23:51:23,003 - INFO - KRW-NEO: 변동성 기준 통과 (ATR: 566.4285714285714, 현재가: 22200.0)
2025-02-01 23:51:23,641 - INFO - KRW-XEM: 변동성 기준 통과 (ATR: 0.7400000000000004, 현재가: 36.49)
2025-02-01 23:51:23,739 - INFO - KRW-QTUM: 변동성 기준 통과 (ATR: 337.85714285714283, 현재가: 6161.0)
2025-02-01 23:51:25,869 - INFO - KRW-ONT: 변동성 기준 통과 (ATR: 17.435714285714283, 현재가: 374.0)
2025-02-01 23:51:27,125 - INFO - KRW-ONG: 변동성 기준 통과 (ATR: 11.171428571428574, 현재가: 471.5)
2025-02-01 23:51:27,224 - INFO - KRW-GAS: 변동성 기준 통과 (ATR: 156.07142857142858, 현재가: 7329.0)
2025-02-01 23:51:28,546 - INFO - KRW-THETA: 변동성 기준 통과 (ATR: 62.0, 현재가: 2972.0)
2025-02-01 23:51:29,164 - INFO - KRW-ANKR: 변동성 기준 통과 (ATR: 0.9849999999999994, 현재가: 43.12)
2025-02-01 23:51:29,272 - INFO - 필터링 결과 - 변동성 높은 티커: ['KRW-NEO', 'KRW-XEM', 'KRW-QTUM', 'KRW-ONT', 'KRW-ONG', 'KRW-GAS', 'KRW-THETA', 'KRW-ANKR']
2025-02-01 23:51:29,272 - INFO - 포트폴리오 신규 진입 검토 시작
2025-02-01 23:51:29,336 - INFO - KRW-NEO: 총 19개의 이벤트 감지
2025-02-01 23:51:29,387 - INFO - KRW-NEO: 특별한 신호 없음, HOLD
2025-02-01 23:51:29,445 - INFO - KRW-XEM: 총 10개의 이벤트 감지
2025-02-01 23:51:29,488 - INFO - KRW-XEM: 특별한 신호 없음, HOLD
2025-02-01 23:51:29,539 - INFO - KRW-QTUM: 총 22개의 이벤트 감지
2025-02-01 23:51:29,589 - INFO - KRW-QTUM: 특별한 신호 없음, HOLD
2025-02-01 23:51:29,639 - INFO - KRW-ONT: 총 20개의 이벤트 감지
2025-02-01 23:51:29,688 - INFO - KRW-ONT: 특별한 신호 없음, HOLD
2025-02-01 23:51:29,744 - INFO - KRW-ONG: 총 10개의 이벤트 감지
2025-02-01 23:51:29,790 - INFO - KRW-ONG: 특별한 신호 없음, HOLD
2025-02-01 23:51:29,843 - INFO - KRW-GAS: 총 9개의 이벤트 감지
2025-02-01 23:51:29,843 - INFO - KRW-GAS: 이벤트 부족 (갯수: 9), HOLD 신호
2025-02-01 23:51:29,892 - WARNING - KRW-THETA: 내재적 시간 이벤트 데이터 없음
2025-02-01 23:51:29,892 - INFO - KRW-THETA: 이벤트 부족 (갯수: 0), HOLD 신호
2025-02-01 23:51:29,946 - INFO - KRW-ANKR: 총 17개의 이벤트 감지
2025-02-01 23:51:29,991 - INFO - KRW-ANKR: 특별한 신호 없음, HOLD
2025-02-01 23:51:29,992 - INFO - 현재 포트폴리오 상태: {}
2025-02-01 23:52:30,060 - INFO - 상위 50개 티커 조회: ['KRW-BTC', 'KRW-ETH', 'KRW-NEO', 'KRW-MTL', 'KRW-XRP', 'KRW-ETC', 'KRW-SNT', 'KRW-WAVES', 'KRW-XEM', 'KRW-QTUM', 'KRW-LSK', 'KRW-STEEM', 'KRW-XLM', 'KRW-ARDR', 'KRW-ARK', 'KRW-STORJ', 'KRW-GRS', 'KRW-ADA', 'KRW-SBD', 'KRW-POWR', 'KRW-ICX', 'KRW-EOS', 'KRW-TRX', 'KRW-SC', 'KRW-ONT', 'KRW-ZIL', 'KRW-POLYX', 'KRW-ZRX', 'KRW-LOOM', 'KRW-BCH', 'KRW-BAT', 'KRW-IOST', 'KRW-CVC', 'KRW-IQ', 'KRW-IOTA', 'KRW-HIFI', 'KRW-ONG', 'KRW-GAS', 'KRW-BOUNTY', 'KRW-ELF', 'KRW-KNC', 'KRW-BSV', 'KRW-THETA', 'KRW-QKC', 'KRW-BTT', 'KRW-MOC', 'KRW-TFUEL', 'KRW-MANA', 'KRW-ANKR', 'KRW-AERGO']
2025-02-01 23:52:30,060 - INFO - 변동성 높은 종목 필터링 시작
2025-02-01 23:52:30,372 - INFO - KRW-NEO: 변동성 기준 통과 (ATR: 566.4285714285714, 현재가: 22170.0)
2025-02-01 23:52:31,054 - INFO - KRW-XEM: 변동성 기준 통과 (ATR: 0.740714285714286, 현재가: 36.35)
2025-02-01 23:52:31,159 - INFO - KRW-QTUM: 변동성 기준 통과 (ATR: 338.0, 현재가: 6187.0)
2025-02-01 23:52:32,909 - INFO - KRW-ONT: 변동성 기준 통과 (ATR: 17.52142857142857, 현재가: 372.0)
2025-02-01 23:52:34,297 - INFO - KRW-ONG: 변동성 기준 통과 (ATR: 11.171428571428574, 현재가: 470.3)
2025-02-01 23:52:34,409 - INFO - KRW-GAS: 변동성 기준 통과 (ATR: 156.07142857142858, 현재가: 7325.0)
2025-02-01 23:52:34,948 - INFO - KRW-THETA: 변동성 기준 통과 (ATR: 62.0, 현재가: 2968.0)
2025-02-01 23:52:35,611 - INFO - KRW-ANKR: 변동성 기준 통과 (ATR: 0.9871428571428567, 현재가: 42.89)
2025-02-01 23:52:35,722 - INFO - 필터링 결과 - 변동성 높은 티커: ['KRW-NEO', 'KRW-XEM', 'KRW-QTUM', 'KRW-ONT', 'KRW-ONG', 'KRW-GAS', 'KRW-THETA', 'KRW-ANKR']
2025-02-01 23:52:35,722 - INFO - 포트폴리오 신규 진입 검토 시작
2025-02-01 23:52:35,784 - INFO - KRW-NEO: 총 19개의 이벤트 감지
2025-02-01 23:52:35,840 - INFO - KRW-NEO: 특별한 신호 없음, HOLD
2025-02-01 23:52:35,910 - INFO - KRW-XEM: 총 10개의 이벤트 감지
2025-02-01 23:52:35,964 - INFO - KRW-XEM: 특별한 신호 없음, HOLD
2025-02-01 23:52:36,029 - INFO - KRW-QTUM: 총 22개의 이벤트 감지
2025-02-01 23:52:36,079 - INFO - KRW-QTUM: 특별한 신호 없음, HOLD
2025-02-01 23:52:36,127 - INFO - KRW-ONT: 총 20개의 이벤트 감지
2025-02-01 23:52:36,171 - INFO - KRW-ONT: 특별한 신호 없음, HOLD
2025-02-01 23:52:36,230 - INFO - KRW-ONG: 총 10개의 이벤트 감지
2025-02-01 23:52:36,282 - INFO - KRW-ONG: 특별한 신호 없음, HOLD
2025-02-01 23:52:36,344 - INFO - KRW-GAS: 총 9개의 이벤트 감지
2025-02-01 23:52:36,344 - INFO - KRW-GAS: 이벤트 부족 (갯수: 9), HOLD 신호
2025-02-01 23:52:36,401 - INFO - KRW-THETA: 총 22개의 이벤트 감지
2025-02-01 23:52:36,456 - INFO - KRW-THETA: 특별한 신호 없음, HOLD
2025-02-01 23:52:36,526 - INFO - KRW-ANKR: 총 17개의 이벤트 감지
2025-02-01 23:52:36,579 - INFO - KRW-ANKR: 특별한 신호 없음, HOLD
2025-02-01 23:52:36,579 - INFO - 현재 포트폴리오 상태: {}
2025-02-01 23:53:21,986 - INFO - 프로그램이 종료되었습니다.
2025-02-01 23:53:24,252 - INFO - 🚀 자동매매 프로그램 시작!
2025-02-01 23:53:24,252 - INFO - 자동매매 실행 시작
2025-02-01 23:53:24,318 - INFO - 상위 100개 티커 조회: ['KRW-BTC', 'KRW-ETH', 'KRW-NEO', 'KRW-MTL', 'KRW-XRP', 'KRW-ETC', 'KRW-SNT', 'KRW-WAVES', 'KRW-XEM', 'KRW-QTUM', 'KRW-LSK', 'KRW-STEEM', 'KRW-XLM', 'KRW-ARDR', 'KRW-ARK', 'KRW-STORJ', 'KRW-GRS', 'KRW-ADA', 'KRW-SBD', 'KRW-POWR', 'KRW-ICX', 'KRW-EOS', 'KRW-TRX', 'KRW-SC', 'KRW-ONT', 'KRW-ZIL', 'KRW-POLYX', 'KRW-ZRX', 'KRW-LOOM', 'KRW-BCH', 'KRW-BAT', 'KRW-IOST', 'KRW-CVC', 'KRW-IQ', 'KRW-IOTA', 'KRW-HIFI', 'KRW-ONG', 'KRW-GAS', 'KRW-BOUNTY', 'KRW-ELF', 'KRW-KNC', 'KRW-BSV', 'KRW-THETA', 'KRW-QKC', 'KRW-BTT', 'KRW-MOC', 'KRW-TFUEL', 'KRW-MANA', 'KRW-ANKR', 'KRW-AERGO', 'KRW-ATOM', 'KRW-TT', 'KRW-GAME2', 'KRW-MBL', 'KRW-WAXP', 'KRW-HBAR', 'KRW-MED', 'KRW-MLK', 'KRW-STPT', 'KRW-ORBS', 'KRW-VET', 'KRW-CHZ', 'KRW-STMX', 'KRW-DKA', 'KRW-HIVE', 'KRW-KAVA', 'KRW-AHT', 'KRW-LINK', 'KRW-XTZ', 'KRW-BORA', 'KRW-JST', 'KRW-CRO', 'KRW-TOKAMAK', 'KRW-SXP', 'KRW-HUNT', 'KRW-DOT', 'KRW-MVL', 'KRW-STRAX', 'KRW-AQT', 'KRW-GLM', 'KRW-META', 'KRW-FCT2', 'KRW-CBK', 'KRW-SAND', 'KRW-HPO', 'KRW-DOGE', 'KRW-STRIKE', 'KRW-PUNDIX', 'KRW-FLOW', 'KRW-AXS', 'KRW-STX', 'KRW-XEC', 'KRW-SOL', 'KRW-POL', 'KRW-AAVE', 'KRW-1INCH', 'KRW-ALGO', 'KRW-NEAR', 'KRW-AVAX', 'KRW-T']
2025-02-01 23:53:24,318 - INFO - 변동성 높은 종목 필터링 시작
2025-02-01 23:53:24,831 - INFO - KRW-NEO: 변동성 기준 통과 (ATR: 566.4285714285714, 현재가: 22170.0)
2025-02-01 23:53:25,815 - INFO - KRW-XEM: 변동성 기준 통과 (ATR: 0.7464285714285717, 현재가: 36.27)
2025-02-01 23:53:25,939 - INFO - KRW-QTUM: 변동성 기준 통과 (ATR: 338.0, 현재가: 6194.0)
2025-02-01 23:53:28,085 - INFO - KRW-ONT: 변동성 기준 통과 (ATR: 17.53571428571428, 현재가: 372.7)
2025-02-01 23:53:29,575 - INFO - KRW-ONG: 변동성 기준 통과 (ATR: 11.171428571428574, 현재가: 470.2)
2025-02-01 23:53:29,743 - INFO - KRW-GAS: 변동성 기준 통과 (ATR: 156.07142857142858, 현재가: 7326.0)
2025-02-01 23:53:30,500 - INFO - KRW-THETA: 변동성 기준 통과 (ATR: 62.0, 현재가: 2968.0)
2025-02-01 23:53:31,458 - INFO - KRW-ANKR: 변동성 기준 통과 (ATR: 0.9871428571428567, 현재가: 42.99)
2025-02-01 23:53:33,985 - INFO - KRW-KAVA: 변동성 기준 통과 (ATR: 23.557142857142853, 현재가: 718.8)
2025-02-01 23:53:38,414 - INFO - 필터링 결과 - 변동성 높은 티커: ['KRW-NEO', 'KRW-XEM', 'KRW-QTUM', 'KRW-ONT', 'KRW-ONG', 'KRW-GAS', 'KRW-THETA', 'KRW-ANKR', 'KRW-KAVA']
2025-02-01 23:53:38,414 - INFO - 포트폴리오 신규 진입 검토 시작
2025-02-01 23:53:38,482 - INFO - KRW-NEO: 총 19개의 이벤트 감지
2025-02-01 23:53:38,537 - INFO - KRW-NEO: 특별한 신호 없음, HOLD
2025-02-01 23:53:38,603 - INFO - KRW-XEM: 총 10개의 이벤트 감지
2025-02-01 23:53:38,663 - INFO - KRW-XEM: 특별한 신호 없음, HOLD
2025-02-01 23:53:38,726 - INFO - KRW-QTUM: 총 22개의 이벤트 감지
2025-02-01 23:53:38,780 - INFO - KRW-QTUM: 특별한 신호 없음, HOLD
2025-02-01 23:53:38,845 - INFO - KRW-ONT: 총 20개의 이벤트 감지
2025-02-01 23:53:38,893 - INFO - KRW-ONT: 특별한 신호 없음, HOLD
2025-02-01 23:53:38,956 - INFO - KRW-ONG: 총 10개의 이벤트 감지
2025-02-01 23:53:39,009 - INFO - KRW-ONG: 특별한 신호 없음, HOLD
2025-02-01 23:53:39,073 - INFO - KRW-GAS: 총 10개의 이벤트 감지
2025-02-01 23:53:39,125 - INFO - KRW-GAS: 특별한 신호 없음, HOLD
2025-02-01 23:53:39,194 - INFO - KRW-THETA: 총 22개의 이벤트 감지
2025-02-01 23:53:39,247 - INFO - KRW-THETA: 특별한 신호 없음, HOLD
2025-02-01 23:53:39,311 - INFO - KRW-ANKR: 총 17개의 이벤트 감지
2025-02-01 23:53:39,370 - INFO - KRW-ANKR: 특별한 신호 없음, HOLD
2025-02-01 23:53:39,429 - INFO - KRW-KAVA: 총 22개의 이벤트 감지
2025-02-01 23:53:39,487 - INFO - KRW-KAVA: 특별한 신호 없음, HOLD
2025-02-01 23:53:39,487 - INFO - 현재 포트폴리오 상태: {}
2025-02-01 23:54:39,565 - INFO - 상위 100개 티커 조회: ['KRW-BTC', 'KRW-ETH', 'KRW-NEO', 'KRW-MTL', 'KRW-XRP', 'KRW-ETC', 'KRW-SNT', 'KRW-WAVES', 'KRW-XEM', 'KRW-QTUM', 'KRW-LSK', 'KRW-STEEM', 'KRW-XLM', 'KRW-ARDR', 'KRW-ARK', 'KRW-STORJ', 'KRW-GRS', 'KRW-ADA', 'KRW-SBD', 'KRW-POWR', 'KRW-ICX', 'KRW-EOS', 'KRW-TRX', 'KRW-SC', 'KRW-ONT', 'KRW-ZIL', 'KRW-POLYX', 'KRW-ZRX', 'KRW-LOOM', 'KRW-BCH', 'KRW-BAT', 'KRW-IOST', 'KRW-CVC', 'KRW-IQ', 'KRW-IOTA', 'KRW-HIFI', 'KRW-ONG', 'KRW-GAS', 'KRW-BOUNTY', 'KRW-ELF', 'KRW-KNC', 'KRW-BSV', 'KRW-THETA', 'KRW-QKC', 'KRW-BTT', 'KRW-MOC', 'KRW-TFUEL', 'KRW-MANA', 'KRW-ANKR', 'KRW-AERGO', 'KRW-ATOM', 'KRW-TT', 'KRW-GAME2', 'KRW-MBL', 'KRW-WAXP', 'KRW-HBAR', 'KRW-MED', 'KRW-MLK', 'KRW-STPT', 'KRW-ORBS', 'KRW-VET', 'KRW-CHZ', 'KRW-STMX', 'KRW-DKA', 'KRW-HIVE', 'KRW-KAVA', 'KRW-AHT', 'KRW-LINK', 'KRW-XTZ', 'KRW-BORA', 'KRW-JST', 'KRW-CRO', 'KRW-TOKAMAK', 'KRW-SXP', 'KRW-HUNT', 'KRW-DOT', 'KRW-MVL', 'KRW-STRAX', 'KRW-AQT', 'KRW-GLM', 'KRW-META', 'KRW-FCT2', 'KRW-CBK', 'KRW-SAND', 'KRW-HPO', 'KRW-DOGE', 'KRW-STRIKE', 'KRW-PUNDIX', 'KRW-FLOW', 'KRW-AXS', 'KRW-STX', 'KRW-XEC', 'KRW-SOL', 'KRW-POL', 'KRW-AAVE', 'KRW-1INCH', 'KRW-ALGO', 'KRW-NEAR', 'KRW-AVAX', 'KRW-T']
2025-02-01 23:54:39,566 - INFO - 변동성 높은 종목 필터링 시작
2025-02-01 23:54:39,924 - INFO - KRW-NEO: 변동성 기준 통과 (ATR: 566.4285714285714, 현재가: 22160.0)
2025-02-01 23:54:40,606 - INFO - KRW-XEM: 변동성 기준 통과 (ATR: 0.7585714285714289, 현재가: 36.11)
2025-02-01 23:54:40,715 - INFO - KRW-QTUM: 변동성 기준 통과 (ATR: 338.0, 현재가: 6169.0)
2025-02-01 23:54:42,398 - INFO - KRW-ONT: 변동성 기준 통과 (ATR: 17.53571428571428, 현재가: 373.0)
2025-02-01 23:54:43,827 - INFO - KRW-ONG: 변동성 기준 통과 (ATR: 11.171428571428574, 현재가: 470.2)
2025-02-01 23:54:43,950 - INFO - KRW-GAS: 변동성 기준 통과 (ATR: 156.14285714285714, 현재가: 7324.0)
2025-02-01 23:54:44,553 - INFO - KRW-THETA: 변동성 기준 통과 (ATR: 62.142857142857146, 현재가: 2965.0)
2025-02-01 23:54:45,280 - INFO - KRW-ANKR: 변동성 기준 통과 (ATR: 0.9871428571428567, 현재가: 42.96)
2025-02-01 23:54:47,276 - INFO - KRW-KAVA: 변동성 기준 통과 (ATR: 23.557142857142853, 현재가: 719.0)
2025-02-01 23:54:51,276 - INFO - 필터링 결과 - 변동성 높은 티커: ['KRW-NEO', 'KRW-XEM', 'KRW-QTUM', 'KRW-ONT', 'KRW-ONG', 'KRW-GAS', 'KRW-THETA', 'KRW-ANKR', 'KRW-KAVA']
2025-02-01 23:54:51,276 - INFO - 포트폴리오 신규 진입 검토 시작
2025-02-01 23:54:51,331 - INFO - KRW-NEO: 총 19개의 이벤트 감지
2025-02-01 23:54:51,380 - INFO - KRW-NEO: 특별한 신호 없음, HOLD
2025-02-01 23:54:51,442 - INFO - KRW-XEM: 총 10개의 이벤트 감지
2025-02-01 23:54:51,490 - INFO - KRW-XEM: 특별한 신호 없음, HOLD
2025-02-01 23:54:51,556 - INFO - KRW-QTUM: 총 22개의 이벤트 감지
2025-02-01 23:54:51,606 - INFO - KRW-QTUM: 특별한 신호 없음, HOLD
2025-02-01 23:54:51,664 - INFO - KRW-ONT: 총 20개의 이벤트 감지
2025-02-01 23:54:51,713 - INFO - KRW-ONT: 특별한 신호 없음, HOLD
2025-02-01 23:54:51,769 - INFO - KRW-ONG: 총 10개의 이벤트 감지
2025-02-01 23:54:51,820 - INFO - KRW-ONG: 특별한 신호 없음, HOLD
2025-02-01 23:54:51,883 - INFO - KRW-GAS: 총 10개의 이벤트 감지
2025-02-01 23:54:51,939 - INFO - KRW-GAS: 특별한 신호 없음, HOLD
2025-02-01 23:54:52,007 - INFO - KRW-THETA: 총 22개의 이벤트 감지
2025-02-01 23:54:52,060 - INFO - KRW-THETA: 특별한 신호 없음, HOLD
2025-02-01 23:54:52,118 - INFO - KRW-ANKR: 총 17개의 이벤트 감지
2025-02-01 23:54:52,172 - INFO - KRW-ANKR: 특별한 신호 없음, HOLD
2025-02-01 23:54:52,242 - INFO - KRW-KAVA: 총 22개의 이벤트 감지
2025-02-01 23:54:52,294 - INFO - KRW-KAVA: 특별한 신호 없음, HOLD
2025-02-01 23:54:52,294 - INFO - 현재 포트폴리오 상태: {}
2025-02-01 23:55:52,373 - INFO - 상위 100개 티커 조회: ['KRW-BTC', 'KRW-ETH', 'KRW-NEO', 'KRW-MTL', 'KRW-XRP', 'KRW-ETC', 'KRW-SNT', 'KRW-WAVES', 'KRW-XEM', 'KRW-QTUM', 'KRW-LSK', 'KRW-STEEM', 'KRW-XLM', 'KRW-ARDR', 'KRW-ARK', 'KRW-STORJ', 'KRW-GRS', 'KRW-ADA', 'KRW-SBD', 'KRW-POWR', 'KRW-ICX', 'KRW-EOS', 'KRW-TRX', 'KRW-SC', 'KRW-ONT', 'KRW-ZIL', 'KRW-POLYX', 'KRW-ZRX', 'KRW-LOOM', 'KRW-BCH', 'KRW-BAT', 'KRW-IOST', 'KRW-CVC', 'KRW-IQ', 'KRW-IOTA', 'KRW-HIFI', 'KRW-ONG', 'KRW-GAS', 'KRW-BOUNTY', 'KRW-ELF', 'KRW-KNC', 'KRW-BSV', 'KRW-THETA', 'KRW-QKC', 'KRW-BTT', 'KRW-MOC', 'KRW-TFUEL', 'KRW-MANA', 'KRW-ANKR', 'KRW-AERGO', 'KRW-ATOM', 'KRW-TT', 'KRW-GAME2', 'KRW-MBL', 'KRW-WAXP', 'KRW-HBAR', 'KRW-MED', 'KRW-MLK', 'KRW-STPT', 'KRW-ORBS', 'KRW-VET', 'KRW-CHZ', 'KRW-STMX', 'KRW-DKA', 'KRW-HIVE', 'KRW-KAVA', 'KRW-AHT', 'KRW-LINK', 'KRW-XTZ', 'KRW-BORA', 'KRW-JST', 'KRW-CRO', 'KRW-TOKAMAK', 'KRW-SXP', 'KRW-HUNT', 'KRW-DOT', 'KRW-MVL', 'KRW-STRAX', 'KRW-AQT', 'KRW-GLM', 'KRW-META', 'KRW-FCT2', 'KRW-CBK', 'KRW-SAND', 'KRW-HPO', 'KRW-DOGE', 'KRW-STRIKE', 'KRW-PUNDIX', 'KRW-FLOW', 'KRW-AXS', 'KRW-STX', 'KRW-XEC', 'KRW-SOL', 'KRW-POL', 'KRW-AAVE', 'KRW-1INCH', 'KRW-ALGO', 'KRW-NEAR', 'KRW-AVAX', 'KRW-T']
2025-02-01 23:55:52,373 - INFO - 변동성 높은 종목 필터링 시작
2025-02-01 23:55:52,684 - INFO - KRW-NEO: 변동성 기준 통과 (ATR: 566.4285714285714, 현재가: 22200.0)
2025-02-01 23:55:53,366 - INFO - KRW-XEM: 변동성 기준 통과 (ATR: 0.7607142857142861, 현재가: 36.23)
2025-02-01 23:55:53,476 - INFO - KRW-QTUM: 변동성 기준 통과 (ATR: 338.0, 현재가: 6159.0)
2025-02-01 23:55:55,321 - INFO - KRW-ONT: 변동성 기준 통과 (ATR: 17.53571428571428, 현재가: 372.3)
2025-02-01 23:55:56,692 - INFO - KRW-ONG: 변동성 기준 통과 (ATR: 11.200000000000001, 현재가: 469.6)
2025-02-01 23:55:56,812 - INFO - KRW-GAS: 변동성 기준 통과 (ATR: 156.21428571428572, 현재가: 7323.0)
2025-02-01 23:55:57,443 - INFO - KRW-THETA: 변동성 기준 통과 (ATR: 62.142857142857146, 현재가: 2974.0)
2025-02-01 23:55:58,186 - INFO - KRW-ANKR: 변동성 기준 통과 (ATR: 0.9871428571428567, 현재가: 43.03)
2025-02-01 23:56:00,100 - INFO - KRW-KAVA: 변동성 기준 통과 (ATR: 23.557142857142853, 현재가: 719.6)
2025-02-01 23:56:04,133 - INFO - 필터링 결과 - 변동성 높은 티커: ['KRW-NEO', 'KRW-XEM', 'KRW-QTUM', 'KRW-ONT', 'KRW-ONG', 'KRW-GAS', 'KRW-THETA', 'KRW-ANKR', 'KRW-KAVA']
2025-02-01 23:56:04,133 - INFO - 포트폴리오 신규 진입 검토 시작
2025-02-01 23:56:04,194 - INFO - KRW-NEO: 총 19개의 이벤트 감지
2025-02-01 23:56:04,246 - INFO - KRW-NEO: 특별한 신호 없음, HOLD
2025-02-01 23:56:04,302 - INFO - KRW-XEM: 총 10개의 이벤트 감지
2025-02-01 23:56:04,349 - INFO - KRW-XEM: 특별한 신호 없음, HOLD
2025-02-01 23:56:04,408 - INFO - KRW-QTUM: 총 22개의 이벤트 감지
2025-02-01 23:56:04,462 - INFO - KRW-QTUM: 특별한 신호 없음, HOLD
2025-02-01 23:56:04,516 - INFO - KRW-ONT: 총 20개의 이벤트 감지
2025-02-01 23:56:04,565 - INFO - KRW-ONT: 특별한 신호 없음, HOLD
2025-02-01 23:56:04,622 - INFO - KRW-ONG: 총 10개의 이벤트 감지
2025-02-01 23:56:04,675 - INFO - KRW-ONG: 특별한 신호 없음, HOLD
2025-02-01 23:56:04,742 - INFO - KRW-GAS: 총 10개의 이벤트 감지
2025-02-01 23:56:04,795 - INFO - KRW-GAS: 특별한 신호 없음, HOLD
2025-02-01 23:56:04,851 - INFO - KRW-THETA: 총 22개의 이벤트 감지
2025-02-01 23:56:04,898 - INFO - KRW-THETA: 특별한 신호 없음, HOLD
2025-02-01 23:56:04,954 - INFO - KRW-ANKR: 총 17개의 이벤트 감지
2025-02-01 23:56:05,004 - INFO - KRW-ANKR: 특별한 신호 없음, HOLD
2025-02-01 23:56:05,058 - INFO - KRW-KAVA: 총 22개의 이벤트 감지
2025-02-01 23:56:05,105 - INFO - KRW-KAVA: 특별한 신호 없음, HOLD
2025-02-01 23:56:05,105 - INFO - 현재 포트폴리오 상태: {}
2025-02-01 23:57:05,183 - INFO - 상위 100개 티커 조회: ['KRW-BTC', 'KRW-ETH', 'KRW-NEO', 'KRW-MTL', 'KRW-XRP', 'KRW-ETC', 'KRW-SNT', 'KRW-WAVES', 'KRW-XEM', 'KRW-QTUM', 'KRW-LSK', 'KRW-STEEM', 'KRW-XLM', 'KRW-ARDR', 'KRW-ARK', 'KRW-STORJ', 'KRW-GRS', 'KRW-ADA', 'KRW-SBD', 'KRW-POWR', 'KRW-ICX', 'KRW-EOS', 'KRW-TRX', 'KRW-SC', 'KRW-ONT', 'KRW-ZIL', 'KRW-POLYX', 'KRW-ZRX', 'KRW-LOOM', 'KRW-BCH', 'KRW-BAT', 'KRW-IOST', 'KRW-CVC', 'KRW-IQ', 'KRW-IOTA', 'KRW-HIFI', 'KRW-ONG', 'KRW-GAS', 'KRW-BOUNTY', 'KRW-ELF', 'KRW-KNC', 'KRW-BSV', 'KRW-THETA', 'KRW-QKC', 'KRW-BTT', 'KRW-MOC', 'KRW-TFUEL', 'KRW-MANA', 'KRW-ANKR', 'KRW-AERGO', 'KRW-ATOM', 'KRW-TT', 'KRW-GAME2', 'KRW-MBL', 'KRW-WAXP', 'KRW-HBAR', 'KRW-MED', 'KRW-MLK', 'KRW-STPT', 'KRW-ORBS', 'KRW-VET', 'KRW-CHZ', 'KRW-STMX', 'KRW-DKA', 'KRW-HIVE', 'KRW-KAVA', 'KRW-AHT', 'KRW-LINK', 'KRW-XTZ', 'KRW-BORA', 'KRW-JST', 'KRW-CRO', 'KRW-TOKAMAK', 'KRW-SXP', 'KRW-HUNT', 'KRW-DOT', 'KRW-MVL', 'KRW-STRAX', 'KRW-AQT', 'KRW-GLM', 'KRW-META', 'KRW-FCT2', 'KRW-CBK', 'KRW-SAND', 'KRW-HPO', 'KRW-DOGE', 'KRW-STRIKE', 'KRW-PUNDIX', 'KRW-FLOW', 'KRW-AXS', 'KRW-STX', 'KRW-XEC', 'KRW-SOL', 'KRW-POL', 'KRW-AAVE', 'KRW-1INCH', 'KRW-ALGO', 'KRW-NEAR', 'KRW-AVAX', 'KRW-T']
2025-02-01 23:57:05,183 - INFO - 변동성 높은 종목 필터링 시작
2025-02-01 23:57:05,543 - INFO - KRW-NEO: 변동성 기준 통과 (ATR: 566.4285714285714, 현재가: 22190.0)
2025-02-01 23:57:06,243 - INFO - KRW-XEM: 변동성 기준 통과 (ATR: 0.7700000000000006, 현재가: 35.94)
2025-02-01 23:57:06,355 - INFO - KRW-QTUM: 변동성 기준 통과 (ATR: 338.0, 현재가: 6161.0)
2025-02-01 23:57:08,054 - INFO - KRW-ONT: 변동성 기준 통과 (ATR: 17.53571428571428, 현재가: 373.0)
2025-02-01 23:57:09,458 - INFO - KRW-ONG: 변동성 기준 통과 (ATR: 11.207142857142859, 현재가: 469.9)
2025-02-01 23:57:09,560 - INFO - KRW-GAS: 변동성 기준 통과 (ATR: 156.21428571428572, 현재가: 7329.0)
2025-02-01 23:57:10,078 - INFO - KRW-THETA: 변동성 기준 통과 (ATR: 62.142857142857146, 현재가: 2965.0)
2025-02-01 23:57:10,724 - INFO - KRW-ANKR: 변동성 기준 통과 (ATR: 0.9871428571428567, 현재가: 43.03)
2025-02-01 23:57:12,513 - INFO - KRW-KAVA: 변동성 기준 통과 (ATR: 23.557142857142853, 현재가: 720.7)
2025-02-01 23:57:16,241 - INFO - 필터링 결과 - 변동성 높은 티커: ['KRW-NEO', 'KRW-XEM', 'KRW-QTUM', 'KRW-ONT', 'KRW-ONG', 'KRW-GAS', 'KRW-THETA', 'KRW-ANKR', 'KRW-KAVA']
2025-02-01 23:57:16,241 - INFO - 포트폴리오 신규 진입 검토 시작
2025-02-01 23:57:16,296 - INFO - KRW-NEO: 총 19개의 이벤트 감지
2025-02-01 23:57:16,351 - INFO - KRW-NEO: 특별한 신호 없음, HOLD
2025-02-01 23:57:16,411 - INFO - KRW-XEM: 총 10개의 이벤트 감지
2025-02-01 23:57:16,463 - INFO - KRW-XEM: 특별한 신호 없음, HOLD
2025-02-01 23:57:16,523 - INFO - KRW-QTUM: 총 22개의 이벤트 감지
2025-02-01 23:57:16,571 - INFO - KRW-QTUM: 특별한 신호 없음, HOLD
2025-02-01 23:57:16,629 - INFO - KRW-ONT: 총 20개의 이벤트 감지
2025-02-01 23:57:16,686 - INFO - KRW-ONT: 특별한 신호 없음, HOLD
2025-02-01 23:57:16,743 - INFO - KRW-ONG: 총 10개의 이벤트 감지
2025-02-01 23:57:16,792 - INFO - KRW-ONG: 특별한 신호 없음, HOLD
2025-02-01 23:57:16,848 - INFO - KRW-GAS: 총 9개의 이벤트 감지
2025-02-01 23:57:16,848 - INFO - KRW-GAS: 이벤트 부족 (갯수: 9), HOLD 신호
2025-02-01 23:57:16,906 - INFO - KRW-THETA: 총 22개의 이벤트 감지
2025-02-01 23:57:17,117 - INFO - KRW-THETA: 특별한 신호 없음, HOLD
2025-02-01 23:57:17,183 - INFO - KRW-ANKR: 총 17개의 이벤트 감지
2025-02-01 23:57:17,235 - INFO - KRW-ANKR: 특별한 신호 없음, HOLD
2025-02-01 23:57:17,301 - INFO - KRW-KAVA: 총 22개의 이벤트 감지
2025-02-01 23:57:17,349 - INFO - KRW-KAVA: 특별한 신호 없음, HOLD
2025-02-01 23:57:17,349 - INFO - 현재 포트폴리오 상태: {}
2025-02-01 23:58:17,429 - INFO - 상위 100개 티커 조회: ['KRW-BTC', 'KRW-ETH', 'KRW-NEO', 'KRW-MTL', 'KRW-XRP', 'KRW-ETC', 'KRW-SNT', 'KRW-WAVES', 'KRW-XEM', 'KRW-QTUM', 'KRW-LSK', 'KRW-STEEM', 'KRW-XLM', 'KRW-ARDR', 'KRW-ARK', 'KRW-STORJ', 'KRW-GRS', 'KRW-ADA', 'KRW-SBD', 'KRW-POWR', 'KRW-ICX', 'KRW-EOS', 'KRW-TRX', 'KRW-SC', 'KRW-ONT', 'KRW-ZIL', 'KRW-POLYX', 'KRW-ZRX', 'KRW-LOOM', 'KRW-BCH', 'KRW-BAT', 'KRW-IOST', 'KRW-CVC', 'KRW-IQ', 'KRW-IOTA', 'KRW-HIFI', 'KRW-ONG', 'KRW-GAS', 'KRW-BOUNTY', 'KRW-ELF', 'KRW-KNC', 'KRW-BSV', 'KRW-THETA', 'KRW-QKC', 'KRW-BTT', 'KRW-MOC', 'KRW-TFUEL', 'KRW-MANA', 'KRW-ANKR', 'KRW-AERGO', 'KRW-ATOM', 'KRW-TT', 'KRW-GAME2', 'KRW-MBL', 'KRW-WAXP', 'KRW-HBAR', 'KRW-MED', 'KRW-MLK', 'KRW-STPT', 'KRW-ORBS', 'KRW-VET', 'KRW-CHZ', 'KRW-STMX', 'KRW-DKA', 'KRW-HIVE', 'KRW-KAVA', 'KRW-AHT', 'KRW-LINK', 'KRW-XTZ', 'KRW-BORA', 'KRW-JST', 'KRW-CRO', 'KRW-TOKAMAK', 'KRW-SXP', 'KRW-HUNT', 'KRW-DOT', 'KRW-MVL', 'KRW-STRAX', 'KRW-AQT', 'KRW-GLM', 'KRW-META', 'KRW-FCT2', 'KRW-CBK', 'KRW-SAND', 'KRW-HPO', 'KRW-DOGE', 'KRW-STRIKE', 'KRW-PUNDIX', 'KRW-FLOW', 'KRW-AXS', 'KRW-STX', 'KRW-XEC', 'KRW-SOL', 'KRW-POL', 'KRW-AAVE', 'KRW-1INCH', 'KRW-ALGO', 'KRW-NEAR', 'KRW-AVAX', 'KRW-T']
2025-02-01 23:58:17,429 - INFO - 변동성 높은 종목 필터링 시작
2025-02-01 23:58:17,756 - INFO - KRW-NEO: 변동성 기준 통과 (ATR: 566.4285714285714, 현재가: 22180.0)
2025-02-01 23:58:18,471 - INFO - KRW-XEM: 변동성 기준 통과 (ATR: 0.7700000000000006, 현재가: 36.16)
2025-02-01 23:58:18,572 - INFO - KRW-QTUM: 변동성 기준 통과 (ATR: 338.0, 현재가: 6172.0)
2025-02-01 23:58:20,375 - INFO - KRW-ONT: 변동성 기준 통과 (ATR: 17.53571428571428, 현재가: 374.0)
2025-02-01 23:58:21,805 - INFO - KRW-ONG: 변동성 기준 통과 (ATR: 11.221428571428573, 현재가: 469.8)
2025-02-01 23:58:21,916 - INFO - KRW-GAS: 변동성 기준 통과 (ATR: 156.42857142857142, 현재가: 7320.0)
2025-02-01 23:58:22,497 - INFO - KRW-THETA: 변동성 기준 통과 (ATR: 62.142857142857146, 현재가: 2971.0)
2025-02-01 23:58:23,206 - INFO - KRW-ANKR: 변동성 기준 통과 (ATR: 0.9871428571428567, 현재가: 43.17)
2025-02-01 23:58:25,213 - INFO - KRW-KAVA: 변동성 기준 통과 (ATR: 23.557142857142853, 현재가: 718.9)
2025-02-01 23:58:29,209 - INFO - 필터링 결과 - 변동성 높은 티커: ['KRW-NEO', 'KRW-XEM', 'KRW-QTUM', 'KRW-ONT', 'KRW-ONG', 'KRW-GAS', 'KRW-THETA', 'KRW-ANKR', 'KRW-KAVA']
2025-02-01 23:58:29,209 - INFO - 포트폴리오 신규 진입 검토 시작
2025-02-01 23:58:29,273 - INFO - KRW-NEO: 총 19개의 이벤트 감지
2025-02-01 23:58:29,321 - INFO - KRW-NEO: 특별한 신호 없음, HOLD
2025-02-01 23:58:29,385 - INFO - KRW-XEM: 총 10개의 이벤트 감지
2025-02-01 23:58:29,434 - INFO - KRW-XEM: 특별한 신호 없음, HOLD
2025-02-01 23:58:29,501 - INFO - KRW-QTUM: 총 22개의 이벤트 감지
2025-02-01 23:58:29,545 - INFO - KRW-QTUM: 특별한 신호 없음, HOLD
2025-02-01 23:58:29,608 - INFO - KRW-ONT: 총 20개의 이벤트 감지
2025-02-01 23:58:29,663 - INFO - KRW-ONT: 특별한 신호 없음, HOLD
2025-02-01 23:58:29,725 - INFO - KRW-ONG: 총 10개의 이벤트 감지
2025-02-01 23:58:29,784 - INFO - KRW-ONG: 특별한 신호 없음, HOLD
2025-02-01 23:58:29,859 - INFO - KRW-GAS: 총 10개의 이벤트 감지
2025-02-01 23:58:29,910 - INFO - KRW-GAS: 특별한 신호 없음, HOLD
2025-02-01 23:58:29,971 - INFO - KRW-THETA: 총 22개의 이벤트 감지
2025-02-01 23:58:30,023 - INFO - KRW-THETA: 특별한 신호 없음, HOLD
2025-02-01 23:58:30,092 - INFO - KRW-ANKR: 총 17개의 이벤트 감지
2025-02-01 23:58:30,142 - INFO - KRW-ANKR: 특별한 신호 없음, HOLD
2025-02-01 23:58:30,206 - INFO - KRW-KAVA: 총 22개의 이벤트 감지
2025-02-01 23:58:30,263 - INFO - KRW-KAVA: 특별한 신호 없음, HOLD
2025-02-01 23:58:30,263 - INFO - 현재 포트폴리오 상태: {}
2025-02-01 23:59:30,322 - INFO - 상위 100개 티커 조회: ['KRW-BTC', 'KRW-ETH', 'KRW-NEO', 'KRW-MTL', 'KRW-XRP', 'KRW-ETC', 'KRW-SNT', 'KRW-WAVES', 'KRW-XEM', 'KRW-QTUM', 'KRW-LSK', 'KRW-STEEM', 'KRW-XLM', 'KRW-ARDR', 'KRW-ARK', 'KRW-STORJ', 'KRW-GRS', 'KRW-ADA', 'KRW-SBD', 'KRW-POWR', 'KRW-ICX', 'KRW-EOS', 'KRW-TRX', 'KRW-SC', 'KRW-ONT', 'KRW-ZIL', 'KRW-POLYX', 'KRW-ZRX', 'KRW-LOOM', 'KRW-BCH', 'KRW-BAT', 'KRW-IOST', 'KRW-CVC', 'KRW-IQ', 'KRW-IOTA', 'KRW-HIFI', 'KRW-ONG', 'KRW-GAS', 'KRW-BOUNTY', 'KRW-ELF', 'KRW-KNC', 'KRW-BSV', 'KRW-THETA', 'KRW-QKC', 'KRW-BTT', 'KRW-MOC', 'KRW-TFUEL', 'KRW-MANA', 'KRW-ANKR', 'KRW-AERGO', 'KRW-ATOM', 'KRW-TT', 'KRW-GAME2', 'KRW-MBL', 'KRW-WAXP', 'KRW-HBAR', 'KRW-MED', 'KRW-MLK', 'KRW-STPT', 'KRW-ORBS', 'KRW-VET', 'KRW-CHZ', 'KRW-STMX', 'KRW-DKA', 'KRW-HIVE', 'KRW-KAVA', 'KRW-AHT', 'KRW-LINK', 'KRW-XTZ', 'KRW-BORA', 'KRW-JST', 'KRW-CRO', 'KRW-TOKAMAK', 'KRW-SXP', 'KRW-HUNT', 'KRW-DOT', 'KRW-MVL', 'KRW-STRAX', 'KRW-AQT', 'KRW-GLM', 'KRW-META', 'KRW-FCT2', 'KRW-CBK', 'KRW-SAND', 'KRW-HPO', 'KRW-DOGE', 'KRW-STRIKE', 'KRW-PUNDIX', 'KRW-FLOW', 'KRW-AXS', 'KRW-STX', 'KRW-XEC', 'KRW-SOL', 'KRW-POL', 'KRW-AAVE', 'KRW-1INCH', 'KRW-ALGO', 'KRW-NEAR', 'KRW-AVAX', 'KRW-T']
2025-02-01 23:59:30,324 - INFO - 변동성 높은 종목 필터링 시작
2025-02-01 23:59:30,643 - INFO - KRW-NEO: 변동성 기준 통과 (ATR: 566.4285714285714, 현재가: 22210.0)
2025-02-01 23:59:31,953 - INFO - KRW-XEM: 변동성 기준 통과 (ATR: 0.7700000000000006, 현재가: 36.06)
2025-02-01 23:59:32,071 - INFO - KRW-QTUM: 변동성 기준 통과 (ATR: 338.0, 현재가: 6176.0)
2025-02-01 23:59:33,730 - INFO - KRW-ONT: 변동성 기준 통과 (ATR: 17.53571428571428, 현재가: 374.0)
2025-02-01 23:59:35,068 - INFO - KRW-ONG: 변동성 기준 통과 (ATR: 11.221428571428573, 현재가: 470.1)
2025-02-01 23:59:35,184 - INFO - KRW-GAS: 변동성 기준 통과 (ATR: 156.42857142857142, 현재가: 7337.0)
2025-02-01 23:59:35,750 - INFO - KRW-THETA: 변동성 기준 통과 (ATR: 62.142857142857146, 현재가: 2971.0)
2025-02-01 23:59:36,417 - INFO - KRW-ANKR: 변동성 기준 통과 (ATR: 0.9871428571428567, 현재가: 43.15)
2025-02-01 23:59:38,309 - INFO - KRW-KAVA: 변동성 기준 통과 (ATR: 23.557142857142853, 현재가: 718.0)
2025-02-01 23:59:42,164 - INFO - 필터링 결과 - 변동성 높은 티커: ['KRW-NEO', 'KRW-XEM', 'KRW-QTUM', 'KRW-ONT', 'KRW-ONG', 'KRW-GAS', 'KRW-THETA', 'KRW-ANKR', 'KRW-KAVA']
2025-02-01 23:59:42,164 - INFO - 포트폴리오 신규 진입 검토 시작
2025-02-01 23:59:42,225 - INFO - KRW-NEO: 총 19개의 이벤트 감지
2025-02-01 23:59:42,279 - INFO - KRW-NEO: 특별한 신호 없음, HOLD
2025-02-01 23:59:42,340 - INFO - KRW-XEM: 총 10개의 이벤트 감지
2025-02-01 23:59:42,406 - INFO - KRW-XEM: 특별한 신호 없음, HOLD
2025-02-01 23:59:42,484 - INFO - KRW-QTUM: 총 22개의 이벤트 감지
2025-02-01 23:59:42,529 - INFO - KRW-QTUM: 특별한 신호 없음, HOLD
2025-02-01 23:59:42,580 - INFO - KRW-ONT: 총 20개의 이벤트 감지
2025-02-01 23:59:42,636 - INFO - KRW-ONT: 특별한 신호 없음, HOLD
2025-02-01 23:59:42,699 - INFO - KRW-ONG: 총 10개의 이벤트 감지
2025-02-01 23:59:42,776 - INFO - KRW-ONG: 특별한 신호 없음, HOLD
2025-02-01 23:59:42,852 - INFO - KRW-GAS: 총 10개의 이벤트 감지
2025-02-01 23:59:42,933 - INFO - KRW-GAS: 특별한 신호 없음, HOLD
2025-02-01 23:59:43,025 - INFO - KRW-THETA: 총 22개의 이벤트 감지
2025-02-01 23:59:43,078 - INFO - KRW-THETA: 특별한 신호 없음, HOLD
2025-02-01 23:59:43,145 - INFO - KRW-ANKR: 총 17개의 이벤트 감지
2025-02-01 23:59:43,203 - INFO - KRW-ANKR: 특별한 신호 없음, HOLD
2025-02-01 23:59:43,273 - INFO - KRW-KAVA: 총 22개의 이벤트 감지
2025-02-01 23:59:43,316 - INFO - KRW-KAVA: 특별한 신호 없음, HOLD
2025-02-01 23:59:43,317 - INFO - 현재 포트폴리오 상태: {}
2025-02-02 00:00:43,389 - INFO - 상위 100개 티커 조회: ['KRW-BTC', 'KRW-ETH', 'KRW-NEO', 'KRW-MTL', 'KRW-XRP', 'KRW-ETC', 'KRW-SNT', 'KRW-WAVES', 'KRW-XEM', 'KRW-QTUM', 'KRW-LSK', 'KRW-STEEM', 'KRW-XLM', 'KRW-ARDR', 'KRW-ARK', 'KRW-STORJ', 'KRW-GRS', 'KRW-ADA', 'KRW-SBD', 'KRW-POWR', 'KRW-ICX', 'KRW-EOS', 'KRW-TRX', 'KRW-SC', 'KRW-ONT', 'KRW-ZIL', 'KRW-POLYX', 'KRW-ZRX', 'KRW-LOOM', 'KRW-BCH', 'KRW-BAT', 'KRW-IOST', 'KRW-CVC', 'KRW-IQ', 'KRW-IOTA', 'KRW-HIFI', 'KRW-ONG', 'KRW-GAS', 'KRW-BOUNTY', 'KRW-ELF', 'KRW-KNC', 'KRW-BSV', 'KRW-THETA', 'KRW-QKC', 'KRW-BTT', 'KRW-MOC', 'KRW-TFUEL', 'KRW-MANA', 'KRW-ANKR', 'KRW-AERGO', 'KRW-ATOM', 'KRW-TT', 'KRW-GAME2', 'KRW-MBL', 'KRW-WAXP', 'KRW-HBAR', 'KRW-MED', 'KRW-MLK', 'KRW-STPT', 'KRW-ORBS', 'KRW-VET', 'KRW-CHZ', 'KRW-STMX', 'KRW-DKA', 'KRW-HIVE', 'KRW-KAVA', 'KRW-AHT', 'KRW-LINK', 'KRW-XTZ', 'KRW-BORA', 'KRW-JST', 'KRW-CRO', 'KRW-TOKAMAK', 'KRW-SXP', 'KRW-HUNT', 'KRW-DOT', 'KRW-MVL', 'KRW-STRAX', 'KRW-AQT', 'KRW-GLM', 'KRW-META', 'KRW-FCT2', 'KRW-CBK', 'KRW-SAND', 'KRW-HPO', 'KRW-DOGE', 'KRW-STRIKE', 'KRW-PUNDIX', 'KRW-FLOW', 'KRW-AXS', 'KRW-STX', 'KRW-XEC', 'KRW-SOL', 'KRW-POL', 'KRW-AAVE', 'KRW-1INCH', 'KRW-ALGO', 'KRW-NEAR', 'KRW-AVAX', 'KRW-T']
2025-02-02 00:00:43,390 - INFO - 변동성 높은 종목 필터링 시작
2025-02-02 00:00:43,702 - INFO - KRW-NEO: 변동성 기준 통과 (ATR: 534.2857142857143, 현재가: 22240.0)
2025-02-02 00:00:44,350 - INFO - KRW-XEM: 변동성 기준 통과 (ATR: 0.7492857142857149, 현재가: 36.11)
2025-02-02 00:00:44,462 - INFO - KRW-QTUM: 변동성 기준 통과 (ATR: 313.2142857142857, 현재가: 6212.0)
2025-02-02 00:00:46,408 - INFO - KRW-ONT: 변동성 기준 통과 (ATR: 17.31428571428571, 현재가: 374.7)
2025-02-02 00:00:47,721 - INFO - KRW-ONG: 변동성 기준 통과 (ATR: 10.87857142857143, 현재가: 470.7)
2025-02-02 00:00:47,819 - INFO - KRW-GAS: 변동성 기준 통과 (ATR: 150.0, 현재가: 7330.0)
2025-02-02 00:00:48,359 - INFO - KRW-THETA: 변동성 기준 통과 (ATR: 59.785714285714285, 현재가: 2965.0)
2025-02-02 00:00:49,073 - INFO - KRW-ANKR: 변동성 기준 통과 (ATR: 0.9735714285714282, 현재가: 43.23)
2025-02-02 00:00:50,927 - INFO - KRW-KAVA: 변동성 기준 통과 (ATR: 23.02142857142857, 현재가: 719.3)
2025-02-02 00:00:54,727 - INFO - 필터링 결과 - 변동성 높은 티커: ['KRW-NEO', 'KRW-XEM', 'KRW-QTUM', 'KRW-ONT', 'KRW-ONG', 'KRW-GAS', 'KRW-THETA', 'KRW-ANKR', 'KRW-KAVA']
2025-02-02 00:00:54,727 - INFO - 포트폴리오 신규 진입 검토 시작
2025-02-02 00:00:54,789 - INFO - KRW-NEO: 총 19개의 이벤트 감지
2025-02-02 00:00:54,830 - INFO - KRW-NEO: 특별한 신호 없음, HOLD
2025-02-02 00:00:54,899 - INFO - KRW-XEM: 총 10개의 이벤트 감지
2025-02-02 00:00:54,941 - INFO - KRW-XEM: 특별한 신호 없음, HOLD
2025-02-02 00:00:55,002 - INFO - KRW-QTUM: 총 22개의 이벤트 감지
2025-02-02 00:00:55,053 - INFO - KRW-QTUM: 특별한 신호 없음, HOLD
2025-02-02 00:00:55,112 - INFO - KRW-ONT: 총 19개의 이벤트 감지
2025-02-02 00:00:55,156 - INFO - KRW-ONT: 특별한 신호 없음, HOLD
2025-02-02 00:00:55,224 - INFO - KRW-ONG: 총 10개의 이벤트 감지
2025-02-02 00:00:55,267 - INFO - KRW-ONG: 특별한 신호 없음, HOLD
2025-02-02 00:00:55,326 - INFO - KRW-GAS: 총 10개의 이벤트 감지
2025-02-02 00:00:55,371 - INFO - KRW-GAS: 특별한 신호 없음, HOLD
2025-02-02 00:00:55,433 - INFO - KRW-THETA: 총 22개의 이벤트 감지
2025-02-02 00:00:55,482 - INFO - KRW-THETA: 특별한 신호 없음, HOLD
2025-02-02 00:00:55,547 - INFO - KRW-ANKR: 총 17개의 이벤트 감지
2025-02-02 00:00:55,598 - INFO - KRW-ANKR: 특별한 신호 없음, HOLD
2025-02-02 00:00:55,756 - INFO - KRW-KAVA: 총 22개의 이벤트 감지
2025-02-02 00:00:55,810 - INFO - KRW-KAVA: 특별한 신호 없음, HOLD
2025-02-02 00:00:55,810 - INFO - 현재 포트폴리오 상태: {}
2025-02-02 00:01:35,119 - INFO - 프로그램이 종료되었습니다.
